# gui_event_stream.log (change-only)
# format: [tick=... sim_ms=... wall=MM-DD-YY HH:MM:SS.mmm] message
# wall time is SIMULATED: epoch(01-01-26 00:00:00.000) + sim_ms

[tick=1 sim_ms=1 wall=01-01-26 00:00:00.001] Device A entered comm_eoir
[tick=1 sim_ms=1 wall=01-01-26 00:00:00.001] Device B entered network_test_only
[tick=1 sim_ms=1 wall=01-01-26 00:00:00.001] Device C entered radar_ir_gps
[tick=1 sim_ms=1 wall=01-01-26 00:00:00.001] Device A exited REST state
[tick=1 sim_ms=1 wall=01-01-26 00:00:00.001] Device B exited REST state
[tick=1 sim_ms=1 wall=01-01-26 00:00:00.001] Device C exited REST state
[tick=1 sim_ms=1 wall=01-01-26 00:00:00.001] Atomic handoff completed for comm_eoir: removed=[] added=['A']
[tick=1 sim_ms=1 wall=01-01-26 00:00:00.001] Atomic handoff completed for network_test_only: removed=[] added=['B']
[tick=1 sim_ms=1 wall=01-01-26 00:00:00.001] Atomic handoff completed for radar_ir_gps: removed=[] added=['C']
[tick=980 sim_ms=980 wall=01-01-26 00:00:00.980] Device B entered FAULTED state
[tick=981 sim_ms=981 wall=01-01-26 00:00:00.981] Device B exited network_test_only
[tick=981 sim_ms=981 wall=01-01-26 00:00:00.981] Device D entered network_test_only
[tick=981 sim_ms=981 wall=01-01-26 00:00:00.981] Device D exited REST state
[tick=981 sim_ms=981 wall=01-01-26 00:00:00.981] Atomic handoff completed for network_test_only: removed=['B'] added=['D']
[tick=1520 sim_ms=1520 wall=01-01-26 00:00:01.520] Device C entered FAULTED state
[tick=1521 sim_ms=1521 wall=01-01-26 00:00:01.521] Device A entered radar_ir_gps
[tick=1521 sim_ms=1521 wall=01-01-26 00:00:01.521] Device C exited radar_ir_gps
[tick=1521 sim_ms=1521 wall=01-01-26 00:00:01.521] Atomic handoff completed for radar_ir_gps: removed=['C'] added=['A']
[tick=5981 sim_ms=5981 wall=01-01-26 00:00:05.981] Device B recovered and entered radar_ir_gps
[tick=5981 sim_ms=5981 wall=01-01-26 00:00:05.981] Device A exited radar_ir_gps
[tick=5981 sim_ms=5981 wall=01-01-26 00:00:05.981] Device B entered radar_ir_gps
[tick=5981 sim_ms=5981 wall=01-01-26 00:00:05.981] Atomic handoff completed for radar_ir_gps: removed=['A'] added=['B']
[tick=6521 sim_ms=6521 wall=01-01-26 00:00:06.521] Device C recovered and entered network_test_only
[tick=6521 sim_ms=6521 wall=01-01-26 00:00:06.521] Device C entered network_test_only
[tick=6521 sim_ms=6521 wall=01-01-26 00:00:06.521] Device D exited network_test_only
[tick=6521 sim_ms=6521 wall=01-01-26 00:00:06.521] Device D entered REST state
[tick=6521 sim_ms=6521 wall=01-01-26 00:00:06.521] Atomic handoff completed for network_test_only: removed=['D'] added=['C']
[tick=8610 sim_ms=8610 wall=01-01-26 00:00:08.610] Device B recovered
[tick=9000 sim_ms=9000 wall=01-01-26 00:00:09.000] Device B entered FAULTED state
[tick=9001 sim_ms=9001 wall=01-01-26 00:00:09.001] Device B exited radar_ir_gps
[tick=9001 sim_ms=9001 wall=01-01-26 00:00:09.001] Device D entered radar_ir_gps
[tick=9001 sim_ms=9001 wall=01-01-26 00:00:09.001] Device D exited REST state
[tick=9001 sim_ms=9001 wall=01-01-26 00:00:09.001] Atomic handoff completed for radar_ir_gps: removed=['B'] added=['D']
[tick=9240 sim_ms=9240 wall=01-01-26 00:00:09.240] Device B recovered
[tick=9241 sim_ms=9241 wall=01-01-26 00:00:09.241] Device B entered radar_ir_gps
[tick=9241 sim_ms=9241 wall=01-01-26 00:00:09.241] Device D exited radar_ir_gps
[tick=9241 sim_ms=9241 wall=01-01-26 00:00:09.241] Device D entered REST state
[tick=9241 sim_ms=9241 wall=01-01-26 00:00:09.241] Device B exited REST state
[tick=9241 sim_ms=9241 wall=01-01-26 00:00:09.241] Atomic handoff completed for radar_ir_gps: removed=['D'] added=['B']
[tick=10440 sim_ms=10440 wall=01-01-26 00:00:10.440] Device C entered FAULTED state
[tick=10441 sim_ms=10441 wall=01-01-26 00:00:10.441] Device C exited network_test_only
[tick=10441 sim_ms=10441 wall=01-01-26 00:00:10.441] Device D entered network_test_only
[tick=10441 sim_ms=10441 wall=01-01-26 00:00:10.441] Device D exited REST state
[tick=10441 sim_ms=10441 wall=01-01-26 00:00:10.441] Atomic handoff completed for network_test_only: removed=['C'] added=['D']
[tick=10970 sim_ms=10970 wall=01-01-26 00:00:10.970] Device B entered FAULTED state
[tick=10971 sim_ms=10971 wall=01-01-26 00:00:10.971] Device A entered radar_ir_gps
[tick=10971 sim_ms=10971 wall=01-01-26 00:00:10.971] Device B exited radar_ir_gps
[tick=10971 sim_ms=10971 wall=01-01-26 00:00:10.971] Atomic handoff completed for radar_ir_gps: removed=['B'] added=['A']
[tick=11280 sim_ms=11280 wall=01-01-26 00:00:11.280] Device C recovered
[tick=11281 sim_ms=11281 wall=01-01-26 00:00:11.281] Device A exited radar_ir_gps
[tick=11281 sim_ms=11281 wall=01-01-26 00:00:11.281] Device C entered radar_ir_gps
[tick=11281 sim_ms=11281 wall=01-01-26 00:00:11.281] Device C exited REST state
[tick=11281 sim_ms=11281 wall=01-01-26 00:00:11.281] Atomic handoff completed for radar_ir_gps: removed=['A'] added=['C']
[tick=11860 sim_ms=11860 wall=01-01-26 00:00:11.860] Device D entered FAULTED state
[tick=11861 sim_ms=11861 wall=01-01-26 00:00:11.861] Device A entered network_test_only
[tick=11861 sim_ms=11861 wall=01-01-26 00:00:11.861] Device D exited network_test_only
[tick=11861 sim_ms=11861 wall=01-01-26 00:00:11.861] Atomic handoff completed for network_test_only: removed=['D'] added=['A']
[tick=11970 sim_ms=11970 wall=01-01-26 00:00:11.970] Device C entered FAULTED state
