# gui_event_stream.log (change-only)
# format: [tick=... sim_ms=... wall=MM-DD-YY HH:MM:SS.mmm] message
# wall time is SIMULATED: epoch(01-01-26 00:00:00.000) + sim_ms

[tick=1 sim_ms=1 wall=01-01-26 00:00:00.001] Device A entered network_test_only
[tick=1 sim_ms=1 wall=01-01-26 00:00:00.001] Device B entered radar_ir_gps
[tick=1 sim_ms=1 wall=01-01-26 00:00:00.001] Device F entered comm_eoir
[tick=1 sim_ms=1 wall=01-01-26 00:00:00.001] Device G entered comm_eoir
[tick=1 sim_ms=1 wall=01-01-26 00:00:00.001] Device H entered network_test_only
[tick=1 sim_ms=1 wall=01-01-26 00:00:00.001] Device I entered radar_ir_gps
[tick=1 sim_ms=1 wall=01-01-26 00:00:00.001] Device A exited REST state
[tick=1 sim_ms=1 wall=01-01-26 00:00:00.001] Device B exited REST state
[tick=1 sim_ms=1 wall=01-01-26 00:00:00.001] Device F exited REST state
[tick=1 sim_ms=1 wall=01-01-26 00:00:00.001] Device G exited REST state
[tick=1 sim_ms=1 wall=01-01-26 00:00:00.001] Device H exited REST state
[tick=1 sim_ms=1 wall=01-01-26 00:00:00.001] Device I exited REST state
[tick=1 sim_ms=1 wall=01-01-26 00:00:00.001] Atomic handoff completed for comm_eoir: removed=[] added=['F', 'G']
[tick=1 sim_ms=1 wall=01-01-26 00:00:00.001] Atomic handoff completed for network_test_only: removed=[] added=['A', 'H']
[tick=1 sim_ms=1 wall=01-01-26 00:00:00.001] Atomic handoff completed for radar_ir_gps: removed=[] added=['B', 'I']
[tick=80 sim_ms=80 wall=01-01-26 00:00:00.080] Device E entered FAULTED state
[tick=100 sim_ms=100 wall=01-01-26 00:00:00.100] Device D entered FAULTED state
[tick=115 sim_ms=115 wall=01-01-26 00:00:00.115] Device B entered FAULTED state
[tick=116 sim_ms=116 wall=01-01-26 00:00:00.116] Device B exited radar_ir_gps
[tick=116 sim_ms=116 wall=01-01-26 00:00:00.116] Device C entered radar_ir_gps
[tick=116 sim_ms=116 wall=01-01-26 00:00:00.116] Device C exited REST state
[tick=116 sim_ms=116 wall=01-01-26 00:00:00.116] Atomic handoff completed for radar_ir_gps: removed=['B'] added=['C']
[tick=135 sim_ms=135 wall=01-01-26 00:00:00.135] Device I entered FAULTED state
[tick=136 sim_ms=136 wall=01-01-26 00:00:00.136] Device I exited radar_ir_gps
[tick=136 sim_ms=136 wall=01-01-26 00:00:00.136] Device J entered radar_ir_gps
[tick=136 sim_ms=136 wall=01-01-26 00:00:00.136] Device J exited REST state
[tick=136 sim_ms=136 wall=01-01-26 00:00:00.136] Atomic handoff completed for radar_ir_gps: removed=['I'] added=['J']
[tick=150 sim_ms=150 wall=01-01-26 00:00:00.150] Device K entered FAULTED state
[tick=480 sim_ms=480 wall=01-01-26 00:00:00.480] Device F recovered
[tick=565 sim_ms=565 wall=01-01-26 00:00:00.565] Device G entered FAULTED state
[tick=566 sim_ms=566 wall=01-01-26 00:00:00.566] Device G exited comm_eoir
[tick=566 sim_ms=566 wall=01-01-26 00:00:00.566] Device L entered comm_eoir
[tick=566 sim_ms=566 wall=01-01-26 00:00:00.566] Device L exited REST state
[tick=566 sim_ms=566 wall=01-01-26 00:00:00.566] Atomic handoff completed for comm_eoir: removed=['G'] added=['L']
[tick=600 sim_ms=600 wall=01-01-26 00:00:00.600] Device E recovered
[tick=660 sim_ms=660 wall=01-01-26 00:00:00.660] Device J entered FAULTED state
[tick=661 sim_ms=661 wall=01-01-26 00:00:00.661] Device E entered radar_ir_gps
[tick=661 sim_ms=661 wall=01-01-26 00:00:00.661] Device J exited radar_ir_gps
[tick=661 sim_ms=661 wall=01-01-26 00:00:00.661] Device E exited REST state
[tick=661 sim_ms=661 wall=01-01-26 00:00:00.661] Atomic handoff completed for radar_ir_gps: removed=['J'] added=['E']
[tick=710 sim_ms=710 wall=01-01-26 00:00:00.710] Device K recovered
[tick=711 sim_ms=711 wall=01-01-26 00:00:00.711] Device K entered comm_eoir
[tick=711 sim_ms=711 wall=01-01-26 00:00:00.711] Device L exited comm_eoir
[tick=711 sim_ms=711 wall=01-01-26 00:00:00.711] Device L entered REST state
[tick=711 sim_ms=711 wall=01-01-26 00:00:00.711] Device K exited REST state
[tick=711 sim_ms=711 wall=01-01-26 00:00:00.711] Atomic handoff completed for comm_eoir: removed=['L'] added=['K']
[tick=765 sim_ms=765 wall=01-01-26 00:00:00.765] All devices recovered
[tick=766 sim_ms=766 wall=01-01-26 00:00:00.766] Device B entered radar_ir_gps
[tick=766 sim_ms=766 wall=01-01-26 00:00:00.766] Device E exited radar_ir_gps
[tick=766 sim_ms=766 wall=01-01-26 00:00:00.766] Device G entered comm_eoir
[tick=766 sim_ms=766 wall=01-01-26 00:00:00.766] Device K exited comm_eoir
[tick=766 sim_ms=766 wall=01-01-26 00:00:00.766] Device E entered REST state
[tick=766 sim_ms=766 wall=01-01-26 00:00:00.766] Device K entered REST state
[tick=766 sim_ms=766 wall=01-01-26 00:00:00.766] Device B exited REST state
[tick=766 sim_ms=766 wall=01-01-26 00:00:00.766] Device G exited REST state
[tick=766 sim_ms=766 wall=01-01-26 00:00:00.766] Atomic handoff completed for comm_eoir: removed=['K'] added=['G']
[tick=766 sim_ms=766 wall=01-01-26 00:00:00.766] Atomic handoff completed for radar_ir_gps: removed=['E'] added=['B']
[tick=1005 sim_ms=1005 wall=01-01-26 00:00:01.005] Device A entered FAULTED state
[tick=1006 sim_ms=1006 wall=01-01-26 00:00:01.006] Device A exited network_test_only
[tick=1006 sim_ms=1006 wall=01-01-26 00:00:01.006] Device I entered network_test_only
[tick=1006 sim_ms=1006 wall=01-01-26 00:00:01.006] Device I exited REST state
[tick=1006 sim_ms=1006 wall=01-01-26 00:00:01.006] Atomic handoff completed for network_test_only: removed=['A'] added=['I']
[tick=1525 sim_ms=1525 wall=01-01-26 00:00:01.525] Device F entered FAULTED state
[tick=1526 sim_ms=1526 wall=01-01-26 00:00:01.526] Device F exited comm_eoir
[tick=1526 sim_ms=1526 wall=01-01-26 00:00:01.526] Device J entered comm_eoir
[tick=1526 sim_ms=1526 wall=01-01-26 00:00:01.526] Device J exited REST state
[tick=1526 sim_ms=1526 wall=01-01-26 00:00:01.526] Atomic handoff completed for comm_eoir: removed=['F'] added=['J']
[tick=2030 sim_ms=2030 wall=01-01-26 00:00:02.030] Device J entered FAULTED state
[tick=2031 sim_ms=2031 wall=01-01-26 00:00:02.031] Device D entered comm_eoir
[tick=2031 sim_ms=2031 wall=01-01-26 00:00:02.031] Device J exited comm_eoir
[tick=2031 sim_ms=2031 wall=01-01-26 00:00:02.031] Device D exited REST state
[tick=2031 sim_ms=2031 wall=01-01-26 00:00:02.031] Atomic handoff completed for comm_eoir: removed=['J'] added=['D']
[tick=2045 sim_ms=2045 wall=01-01-26 00:00:02.045] Device K entered FAULTED state
[tick=2060 sim_ms=2060 wall=01-01-26 00:00:02.060] Device L entered FAULTED state
[tick=2085 sim_ms=2085 wall=01-01-26 00:00:02.085] Device G entered FAULTED state
[tick=2086 sim_ms=2086 wall=01-01-26 00:00:02.086] Device E entered comm_eoir
[tick=2086 sim_ms=2086 wall=01-01-26 00:00:02.086] Device G exited comm_eoir
[tick=2086 sim_ms=2086 wall=01-01-26 00:00:02.086] Device E exited REST state
[tick=2086 sim_ms=2086 wall=01-01-26 00:00:02.086] Atomic handoff completed for comm_eoir: removed=['G'] added=['E']
[tick=2105 sim_ms=2105 wall=01-01-26 00:00:02.105] Device C entered FAULTED state
[tick=2106 sim_ms=2106 wall=01-01-26 00:00:02.106] Device C exited radar_ir_gps
[tick=2106 sim_ms=2106 wall=01-01-26 00:00:02.106] Atomic handoff completed for radar_ir_gps: removed=['C'] added=[]
[tick=2260 sim_ms=2260 wall=01-01-26 00:00:02.260] Device D entered FAULTED state
[tick=2261 sim_ms=2261 wall=01-01-26 00:00:02.261] Device D exited comm_eoir
[tick=2261 sim_ms=2261 wall=01-01-26 00:00:02.261] Device H entered comm_eoir
[tick=2261 sim_ms=2261 wall=01-01-26 00:00:02.261] Atomic handoff completed for comm_eoir: removed=['D'] added=['H']
