[tick=1 sim_ms=1 wall=01-07-26 17:15:18.008] Device A rotated IN to radar_ir_gps (battery=100000)
[tick=1 sim_ms=1 wall=01-07-26 17:15:18.008] Device B rotated IN to radar_ir_gps (battery=100000)
[tick=1 sim_ms=1 wall=01-07-26 17:15:18.008] Device C rotated IN to radar_ir_gps (battery=100000)
[tick=1 sim_ms=1 wall=01-07-26 17:15:18.008] Device D rotated IN to radar_ir_gps (battery=100000)
[tick=1 sim_ms=1 wall=01-07-26 17:15:18.008] Device E rotated IN to comm_eoir (battery=100000)
[tick=1 sim_ms=1 wall=01-07-26 17:15:18.008] Device F rotated IN to comm_eoir (battery=100000)
[tick=1 sim_ms=1 wall=01-07-26 17:15:18.008] Device G rotated IN to comm_eoir (battery=100000)
[tick=1 sim_ms=1 wall=01-07-26 17:15:18.008] Device H rotated IN to comm_eoir (battery=100000)
[tick=1 sim_ms=1 wall=01-07-26 17:15:18.008] Device I rotated IN to network_test_only (battery=100000)
[tick=1 sim_ms=1 wall=01-07-26 17:15:18.008] Device J rotated IN to network_test_only (battery=100000)
[tick=1 sim_ms=1 wall=01-07-26 17:15:18.008] Device K rotated IN to network_test_only (battery=100000)
[tick=1 sim_ms=1 wall=01-07-26 17:15:18.008] Device L rotated IN to network_test_only (battery=100000)
[tick=1000 sim_ms=1000 wall=01-07-26 17:15:19.007] Battery interval applied; recovery evaluated for REST
[tick=1001 sim_ms=1001 wall=01-07-26 17:15:19.008] Device A rotated OUT of radar_ir_gps to REST (battery=97000)
[tick=1001 sim_ms=1001 wall=01-07-26 17:15:19.008] Device B rotated OUT of radar_ir_gps to REST (battery=97000)
[tick=1001 sim_ms=1001 wall=01-07-26 17:15:19.008] Device C rotated OUT of radar_ir_gps to REST (battery=97000)
[tick=1001 sim_ms=1001 wall=01-07-26 17:15:19.008] Device D rotated OUT of radar_ir_gps to REST (battery=97000)
[tick=1001 sim_ms=1001 wall=01-07-26 17:15:19.008] Device I rotated IN to radar_ir_gps (battery=99000)
[tick=1001 sim_ms=1001 wall=01-07-26 17:15:19.008] Device J rotated IN to radar_ir_gps (battery=99000)
[tick=1001 sim_ms=1001 wall=01-07-26 17:15:19.008] Device K rotated IN to radar_ir_gps (battery=99000)
[tick=1001 sim_ms=1001 wall=01-07-26 17:15:19.008] Device L rotated IN to radar_ir_gps (battery=99000)
[tick=1001 sim_ms=1001 wall=01-07-26 17:15:19.008] Device I rotated OUT of network_test_only to REST (battery=99000)
[tick=1001 sim_ms=1001 wall=01-07-26 17:15:19.008] Device J rotated OUT of network_test_only to REST (battery=99000)
[tick=1001 sim_ms=1001 wall=01-07-26 17:15:19.008] Device K rotated OUT of network_test_only to REST (battery=99000)
[tick=1001 sim_ms=1001 wall=01-07-26 17:15:19.008] Device L rotated OUT of network_test_only to REST (battery=99000)
[tick=1001 sim_ms=1001 wall=01-07-26 17:15:19.008] Device A rotated IN to network_test_only (battery=97000)
[tick=1001 sim_ms=1001 wall=01-07-26 17:15:19.008] Device B rotated IN to network_test_only (battery=97000)
[tick=1001 sim_ms=1001 wall=01-07-26 17:15:19.008] Device C rotated IN to network_test_only (battery=97000)
[tick=1001 sim_ms=1001 wall=01-07-26 17:15:19.008] Device D rotated IN to network_test_only (battery=97000)
[tick=2000 sim_ms=2000 wall=01-07-26 17:15:20.007] Battery interval applied; recovery evaluated for REST
[tick=2001 sim_ms=2001 wall=01-07-26 17:15:20.008] Device I rotated OUT of radar_ir_gps to REST (battery=96000)
[tick=2001 sim_ms=2001 wall=01-07-26 17:15:20.008] Device J rotated OUT of radar_ir_gps to REST (battery=96000)
[tick=2001 sim_ms=2001 wall=01-07-26 17:15:20.008] Device K rotated OUT of radar_ir_gps to REST (battery=96000)
[tick=2001 sim_ms=2001 wall=01-07-26 17:15:20.008] Device L rotated OUT of radar_ir_gps to REST (battery=96000)
[tick=2001 sim_ms=2001 wall=01-07-26 17:15:20.008] Device A rotated IN to radar_ir_gps (battery=96000)
[tick=2001 sim_ms=2001 wall=01-07-26 17:15:20.008] Device B rotated IN to radar_ir_gps (battery=96000)
[tick=2001 sim_ms=2001 wall=01-07-26 17:15:20.008] Device C rotated IN to radar_ir_gps (battery=96000)
[tick=2001 sim_ms=2001 wall=01-07-26 17:15:20.008] Device D rotated IN to radar_ir_gps (battery=96000)
[tick=2001 sim_ms=2001 wall=01-07-26 17:15:20.008] Device A rotated OUT of network_test_only to REST (battery=96000)
[tick=2001 sim_ms=2001 wall=01-07-26 17:15:20.008] Device B rotated OUT of network_test_only to REST (battery=96000)
[tick=2001 sim_ms=2001 wall=01-07-26 17:15:20.008] Device C rotated OUT of network_test_only to REST (battery=96000)
[tick=2001 sim_ms=2001 wall=01-07-26 17:15:20.008] Device D rotated OUT of network_test_only to REST (battery=96000)
[tick=2001 sim_ms=2001 wall=01-07-26 17:15:20.008] Device I rotated IN to network_test_only (battery=96000)
[tick=2001 sim_ms=2001 wall=01-07-26 17:15:20.008] Device J rotated IN to network_test_only (battery=96000)
[tick=2001 sim_ms=2001 wall=01-07-26 17:15:20.008] Device K rotated IN to network_test_only (battery=96000)
[tick=2001 sim_ms=2001 wall=01-07-26 17:15:20.008] Device L rotated IN to network_test_only (battery=96000)
[tick=3000 sim_ms=3000 wall=01-07-26 17:15:21.007] Battery interval applied; recovery evaluated for REST
[tick=3001 sim_ms=3001 wall=01-07-26 17:15:21.008] Device A rotated OUT of radar_ir_gps to REST (battery=93000)
[tick=3001 sim_ms=3001 wall=01-07-26 17:15:21.008] Device B rotated OUT of radar_ir_gps to REST (battery=93000)
[tick=3001 sim_ms=3001 wall=01-07-26 17:15:21.008] Device C rotated OUT of radar_ir_gps to REST (battery=93000)
[tick=3001 sim_ms=3001 wall=01-07-26 17:15:21.008] Device D rotated OUT of radar_ir_gps to REST (battery=93000)
[tick=3001 sim_ms=3001 wall=01-07-26 17:15:21.008] Device I rotated IN to radar_ir_gps (battery=95000)
[tick=3001 sim_ms=3001 wall=01-07-26 17:15:21.008] Device J rotated IN to radar_ir_gps (battery=95000)
[tick=3001 sim_ms=3001 wall=01-07-26 17:15:21.008] Device K rotated IN to radar_ir_gps (battery=95000)
[tick=3001 sim_ms=3001 wall=01-07-26 17:15:21.008] Device L rotated IN to radar_ir_gps (battery=95000)
[tick=3001 sim_ms=3001 wall=01-07-26 17:15:21.008] Device I rotated OUT of network_test_only to REST (battery=95000)
[tick=3001 sim_ms=3001 wall=01-07-26 17:15:21.008] Device J rotated OUT of network_test_only to REST (battery=95000)
[tick=3001 sim_ms=3001 wall=01-07-26 17:15:21.008] Device K rotated OUT of network_test_only to REST (battery=95000)
[tick=3001 sim_ms=3001 wall=01-07-26 17:15:21.008] Device L rotated OUT of network_test_only to REST (battery=95000)
[tick=3001 sim_ms=3001 wall=01-07-26 17:15:21.008] Device A rotated IN to network_test_only (battery=93000)
[tick=3001 sim_ms=3001 wall=01-07-26 17:15:21.008] Device B rotated IN to network_test_only (battery=93000)
[tick=3001 sim_ms=3001 wall=01-07-26 17:15:21.008] Device C rotated IN to network_test_only (battery=93000)
[tick=3001 sim_ms=3001 wall=01-07-26 17:15:21.008] Device D rotated IN to network_test_only (battery=93000)
[tick=4000 sim_ms=4000 wall=01-07-26 17:15:22.007] Battery interval applied; recovery evaluated for REST
[tick=4001 sim_ms=4001 wall=01-07-26 17:15:22.008] Device I rotated OUT of radar_ir_gps to REST (battery=92000)
[tick=4001 sim_ms=4001 wall=01-07-26 17:15:22.008] Device J rotated OUT of radar_ir_gps to REST (battery=92000)
[tick=4001 sim_ms=4001 wall=01-07-26 17:15:22.008] Device K rotated OUT of radar_ir_gps to REST (battery=92000)
[tick=4001 sim_ms=4001 wall=01-07-26 17:15:22.008] Device L rotated OUT of radar_ir_gps to REST (battery=92000)
[tick=4001 sim_ms=4001 wall=01-07-26 17:15:22.008] Device A rotated IN to radar_ir_gps (battery=92000)
[tick=4001 sim_ms=4001 wall=01-07-26 17:15:22.008] Device B rotated IN to radar_ir_gps (battery=92000)
[tick=4001 sim_ms=4001 wall=01-07-26 17:15:22.008] Device C rotated IN to radar_ir_gps (battery=92000)
[tick=4001 sim_ms=4001 wall=01-07-26 17:15:22.008] Device D rotated IN to radar_ir_gps (battery=92000)
[tick=4001 sim_ms=4001 wall=01-07-26 17:15:22.008] Device A rotated OUT of network_test_only to REST (battery=92000)
[tick=4001 sim_ms=4001 wall=01-07-26 17:15:22.008] Device B rotated OUT of network_test_only to REST (battery=92000)
[tick=4001 sim_ms=4001 wall=01-07-26 17:15:22.008] Device C rotated OUT of network_test_only to REST (battery=92000)
[tick=4001 sim_ms=4001 wall=01-07-26 17:15:22.008] Device D rotated OUT of network_test_only to REST (battery=92000)
[tick=4001 sim_ms=4001 wall=01-07-26 17:15:22.008] Device I rotated IN to network_test_only (battery=92000)
[tick=4001 sim_ms=4001 wall=01-07-26 17:15:22.008] Device J rotated IN to network_test_only (battery=92000)
[tick=4001 sim_ms=4001 wall=01-07-26 17:15:22.008] Device K rotated IN to network_test_only (battery=92000)
[tick=4001 sim_ms=4001 wall=01-07-26 17:15:22.008] Device L rotated IN to network_test_only (battery=92000)
[tick=5000 sim_ms=5000 wall=01-07-26 17:15:23.007] Battery interval applied; recovery evaluated for REST
[tick=5001 sim_ms=5001 wall=01-07-26 17:15:23.008] Device A rotated OUT of radar_ir_gps to REST (battery=89000)
[tick=5001 sim_ms=5001 wall=01-07-26 17:15:23.008] Device B rotated OUT of radar_ir_gps to REST (battery=89000)
[tick=5001 sim_ms=5001 wall=01-07-26 17:15:23.008] Device C rotated OUT of radar_ir_gps to REST (battery=89000)
[tick=5001 sim_ms=5001 wall=01-07-26 17:15:23.008] Device D rotated OUT of radar_ir_gps to REST (battery=89000)
[tick=5001 sim_ms=5001 wall=01-07-26 17:15:23.008] Device I rotated IN to radar_ir_gps (battery=91000)
[tick=5001 sim_ms=5001 wall=01-07-26 17:15:23.008] Device J rotated IN to radar_ir_gps (battery=91000)
[tick=5001 sim_ms=5001 wall=01-07-26 17:15:23.008] Device K rotated IN to radar_ir_gps (battery=91000)
[tick=5001 sim_ms=5001 wall=01-07-26 17:15:23.008] Device L rotated IN to radar_ir_gps (battery=91000)
[tick=5001 sim_ms=5001 wall=01-07-26 17:15:23.008] Device I rotated OUT of network_test_only to REST (battery=91000)
[tick=5001 sim_ms=5001 wall=01-07-26 17:15:23.008] Device J rotated OUT of network_test_only to REST (battery=91000)
[tick=5001 sim_ms=5001 wall=01-07-26 17:15:23.008] Device K rotated OUT of network_test_only to REST (battery=91000)
[tick=5001 sim_ms=5001 wall=01-07-26 17:15:23.008] Device L rotated OUT of network_test_only to REST (battery=91000)
[tick=5001 sim_ms=5001 wall=01-07-26 17:15:23.008] Device A rotated IN to network_test_only (battery=89000)
[tick=5001 sim_ms=5001 wall=01-07-26 17:15:23.008] Device B rotated IN to network_test_only (battery=89000)
[tick=5001 sim_ms=5001 wall=01-07-26 17:15:23.008] Device C rotated IN to network_test_only (battery=89000)
[tick=5001 sim_ms=5001 wall=01-07-26 17:15:23.008] Device D rotated IN to network_test_only (battery=89000)
[tick=6000 sim_ms=6000 wall=01-07-26 17:15:24.007] Battery interval applied; recovery evaluated for REST
[tick=6001 sim_ms=6001 wall=01-07-26 17:15:24.008] Device I rotated OUT of radar_ir_gps to REST (battery=88000)
[tick=6001 sim_ms=6001 wall=01-07-26 17:15:24.008] Device J rotated OUT of radar_ir_gps to REST (battery=88000)
[tick=6001 sim_ms=6001 wall=01-07-26 17:15:24.008] Device K rotated OUT of radar_ir_gps to REST (battery=88000)
[tick=6001 sim_ms=6001 wall=01-07-26 17:15:24.008] Device L rotated OUT of radar_ir_gps to REST (battery=88000)
[tick=6001 sim_ms=6001 wall=01-07-26 17:15:24.008] Device A rotated IN to radar_ir_gps (battery=88000)
[tick=6001 sim_ms=6001 wall=01-07-26 17:15:24.008] Device B rotated IN to radar_ir_gps (battery=88000)
[tick=6001 sim_ms=6001 wall=01-07-26 17:15:24.008] Device C rotated IN to radar_ir_gps (battery=88000)
[tick=6001 sim_ms=6001 wall=01-07-26 17:15:24.008] Device D rotated IN to radar_ir_gps (battery=88000)
[tick=6001 sim_ms=6001 wall=01-07-26 17:15:24.008] Device A rotated OUT of network_test_only to REST (battery=88000)
[tick=6001 sim_ms=6001 wall=01-07-26 17:15:24.008] Device B rotated OUT of network_test_only to REST (battery=88000)
[tick=6001 sim_ms=6001 wall=01-07-26 17:15:24.008] Device C rotated OUT of network_test_only to REST (battery=88000)
[tick=6001 sim_ms=6001 wall=01-07-26 17:15:24.008] Device D rotated OUT of network_test_only to REST (battery=88000)
[tick=6001 sim_ms=6001 wall=01-07-26 17:15:24.008] Device I rotated IN to network_test_only (battery=88000)
[tick=6001 sim_ms=6001 wall=01-07-26 17:15:24.008] Device J rotated IN to network_test_only (battery=88000)
[tick=6001 sim_ms=6001 wall=01-07-26 17:15:24.008] Device K rotated IN to network_test_only (battery=88000)
[tick=6001 sim_ms=6001 wall=01-07-26 17:15:24.008] Device L rotated IN to network_test_only (battery=88000)
[tick=7000 sim_ms=7000 wall=01-07-26 17:15:25.007] Battery interval applied; recovery evaluated for REST
[tick=7001 sim_ms=7001 wall=01-07-26 17:15:25.008] Device A rotated OUT of radar_ir_gps to REST (battery=85000)
[tick=7001 sim_ms=7001 wall=01-07-26 17:15:25.008] Device B rotated OUT of radar_ir_gps to REST (battery=85000)
[tick=7001 sim_ms=7001 wall=01-07-26 17:15:25.008] Device C rotated OUT of radar_ir_gps to REST (battery=85000)
[tick=7001 sim_ms=7001 wall=01-07-26 17:15:25.008] Device D rotated OUT of radar_ir_gps to REST (battery=85000)
[tick=7001 sim_ms=7001 wall=01-07-26 17:15:25.008] Device I rotated IN to radar_ir_gps (battery=87000)
[tick=7001 sim_ms=7001 wall=01-07-26 17:15:25.008] Device J rotated IN to radar_ir_gps (battery=87000)
[tick=7001 sim_ms=7001 wall=01-07-26 17:15:25.008] Device K rotated IN to radar_ir_gps (battery=87000)
[tick=7001 sim_ms=7001 wall=01-07-26 17:15:25.008] Device L rotated IN to radar_ir_gps (battery=87000)
[tick=7001 sim_ms=7001 wall=01-07-26 17:15:25.008] Device I rotated OUT of network_test_only to REST (battery=87000)
[tick=7001 sim_ms=7001 wall=01-07-26 17:15:25.008] Device J rotated OUT of network_test_only to REST (battery=87000)
[tick=7001 sim_ms=7001 wall=01-07-26 17:15:25.008] Device K rotated OUT of network_test_only to REST (battery=87000)
[tick=7001 sim_ms=7001 wall=01-07-26 17:15:25.008] Device L rotated OUT of network_test_only to REST (battery=87000)
[tick=7001 sim_ms=7001 wall=01-07-26 17:15:25.008] Device A rotated IN to network_test_only (battery=85000)
[tick=7001 sim_ms=7001 wall=01-07-26 17:15:25.008] Device B rotated IN to network_test_only (battery=85000)
[tick=7001 sim_ms=7001 wall=01-07-26 17:15:25.008] Device C rotated IN to network_test_only (battery=85000)
[tick=7001 sim_ms=7001 wall=01-07-26 17:15:25.008] Device D rotated IN to network_test_only (battery=85000)
[tick=8000 sim_ms=8000 wall=01-07-26 17:15:26.007] Battery interval applied; recovery evaluated for REST
[tick=8001 sim_ms=8001 wall=01-07-26 17:15:26.008] Device I rotated OUT of radar_ir_gps to REST (battery=84000)
[tick=8001 sim_ms=8001 wall=01-07-26 17:15:26.008] Device J rotated OUT of radar_ir_gps to REST (battery=84000)
[tick=8001 sim_ms=8001 wall=01-07-26 17:15:26.008] Device K rotated OUT of radar_ir_gps to REST (battery=84000)
[tick=8001 sim_ms=8001 wall=01-07-26 17:15:26.008] Device L rotated OUT of radar_ir_gps to REST (battery=84000)
[tick=8001 sim_ms=8001 wall=01-07-26 17:15:26.008] Device A rotated IN to radar_ir_gps (battery=84000)
[tick=8001 sim_ms=8001 wall=01-07-26 17:15:26.008] Device B rotated IN to radar_ir_gps (battery=84000)
[tick=8001 sim_ms=8001 wall=01-07-26 17:15:26.008] Device C rotated IN to radar_ir_gps (battery=84000)
[tick=8001 sim_ms=8001 wall=01-07-26 17:15:26.008] Device D rotated IN to radar_ir_gps (battery=84000)
[tick=8001 sim_ms=8001 wall=01-07-26 17:15:26.008] Device A rotated OUT of network_test_only to REST (battery=84000)
[tick=8001 sim_ms=8001 wall=01-07-26 17:15:26.008] Device B rotated OUT of network_test_only to REST (battery=84000)
[tick=8001 sim_ms=8001 wall=01-07-26 17:15:26.008] Device C rotated OUT of network_test_only to REST (battery=84000)
[tick=8001 sim_ms=8001 wall=01-07-26 17:15:26.008] Device D rotated OUT of network_test_only to REST (battery=84000)
[tick=8001 sim_ms=8001 wall=01-07-26 17:15:26.008] Device I rotated IN to network_test_only (battery=84000)
[tick=8001 sim_ms=8001 wall=01-07-26 17:15:26.008] Device J rotated IN to network_test_only (battery=84000)
[tick=8001 sim_ms=8001 wall=01-07-26 17:15:26.008] Device K rotated IN to network_test_only (battery=84000)
[tick=8001 sim_ms=8001 wall=01-07-26 17:15:26.008] Device L rotated IN to network_test_only (battery=84000)
[tick=9000 sim_ms=9000 wall=01-07-26 17:15:27.007] Battery interval applied; recovery evaluated for REST
[tick=9001 sim_ms=9001 wall=01-07-26 17:15:27.008] Device A rotated OUT of radar_ir_gps to REST (battery=81000)
[tick=9001 sim_ms=9001 wall=01-07-26 17:15:27.008] Device B rotated OUT of radar_ir_gps to REST (battery=81000)
[tick=9001 sim_ms=9001 wall=01-07-26 17:15:27.008] Device C rotated OUT of radar_ir_gps to REST (battery=81000)
[tick=9001 sim_ms=9001 wall=01-07-26 17:15:27.008] Device D rotated OUT of radar_ir_gps to REST (battery=81000)
[tick=9001 sim_ms=9001 wall=01-07-26 17:15:27.008] Device I rotated IN to radar_ir_gps (battery=83000)
[tick=9001 sim_ms=9001 wall=01-07-26 17:15:27.008] Device J rotated IN to radar_ir_gps (battery=83000)
[tick=9001 sim_ms=9001 wall=01-07-26 17:15:27.008] Device K rotated IN to radar_ir_gps (battery=83000)
[tick=9001 sim_ms=9001 wall=01-07-26 17:15:27.008] Device L rotated IN to radar_ir_gps (battery=83000)
[tick=9001 sim_ms=9001 wall=01-07-26 17:15:27.008] Device I rotated OUT of network_test_only to REST (battery=83000)
[tick=9001 sim_ms=9001 wall=01-07-26 17:15:27.008] Device J rotated OUT of network_test_only to REST (battery=83000)
[tick=9001 sim_ms=9001 wall=01-07-26 17:15:27.008] Device K rotated OUT of network_test_only to REST (battery=83000)
[tick=9001 sim_ms=9001 wall=01-07-26 17:15:27.008] Device L rotated OUT of network_test_only to REST (battery=83000)
[tick=9001 sim_ms=9001 wall=01-07-26 17:15:27.008] Device A rotated IN to network_test_only (battery=81000)
[tick=9001 sim_ms=9001 wall=01-07-26 17:15:27.008] Device B rotated IN to network_test_only (battery=81000)
[tick=9001 sim_ms=9001 wall=01-07-26 17:15:27.008] Device C rotated IN to network_test_only (battery=81000)
[tick=9001 sim_ms=9001 wall=01-07-26 17:15:27.008] Device D rotated IN to network_test_only (battery=81000)
[tick=10000 sim_ms=10000 wall=01-07-26 17:15:28.007] Battery interval applied; recovery evaluated for REST
[tick=10001 sim_ms=10001 wall=01-07-26 17:15:28.008] Device I rotated OUT of radar_ir_gps to REST (battery=80000)
[tick=10001 sim_ms=10001 wall=01-07-26 17:15:28.008] Device J rotated OUT of radar_ir_gps to REST (battery=80000)
[tick=10001 sim_ms=10001 wall=01-07-26 17:15:28.008] Device K rotated OUT of radar_ir_gps to REST (battery=80000)
[tick=10001 sim_ms=10001 wall=01-07-26 17:15:28.008] Device L rotated OUT of radar_ir_gps to REST (battery=80000)
[tick=10001 sim_ms=10001 wall=01-07-26 17:15:28.008] Device A rotated IN to radar_ir_gps (battery=80000)
[tick=10001 sim_ms=10001 wall=01-07-26 17:15:28.008] Device B rotated IN to radar_ir_gps (battery=80000)
[tick=10001 sim_ms=10001 wall=01-07-26 17:15:28.008] Device C rotated IN to radar_ir_gps (battery=80000)
[tick=10001 sim_ms=10001 wall=01-07-26 17:15:28.008] Device D rotated IN to radar_ir_gps (battery=80000)
[tick=10001 sim_ms=10001 wall=01-07-26 17:15:28.008] Device A rotated OUT of network_test_only to REST (battery=80000)
[tick=10001 sim_ms=10001 wall=01-07-26 17:15:28.008] Device B rotated OUT of network_test_only to REST (battery=80000)
[tick=10001 sim_ms=10001 wall=01-07-26 17:15:28.008] Device C rotated OUT of network_test_only to REST (battery=80000)
[tick=10001 sim_ms=10001 wall=01-07-26 17:15:28.008] Device D rotated OUT of network_test_only to REST (battery=80000)
[tick=10001 sim_ms=10001 wall=01-07-26 17:15:28.008] Device I rotated IN to network_test_only (battery=80000)
[tick=10001 sim_ms=10001 wall=01-07-26 17:15:28.008] Device J rotated IN to network_test_only (battery=80000)
[tick=10001 sim_ms=10001 wall=01-07-26 17:15:28.008] Device K rotated IN to network_test_only (battery=80000)
[tick=10001 sim_ms=10001 wall=01-07-26 17:15:28.008] Device L rotated IN to network_test_only (battery=80000)
[tick=11000 sim_ms=11000 wall=01-07-26 17:15:29.007] Battery interval applied; recovery evaluated for REST
[tick=11001 sim_ms=11001 wall=01-07-26 17:15:29.008] Device A rotated OUT of radar_ir_gps to REST (battery=77000)
[tick=11001 sim_ms=11001 wall=01-07-26 17:15:29.008] Device B rotated OUT of radar_ir_gps to REST (battery=77000)
[tick=11001 sim_ms=11001 wall=01-07-26 17:15:29.008] Device C rotated OUT of radar_ir_gps to REST (battery=77000)
[tick=11001 sim_ms=11001 wall=01-07-26 17:15:29.008] Device D rotated OUT of radar_ir_gps to REST (battery=77000)
[tick=11001 sim_ms=11001 wall=01-07-26 17:15:29.008] Device I rotated IN to radar_ir_gps (battery=79000)
[tick=11001 sim_ms=11001 wall=01-07-26 17:15:29.008] Device J rotated IN to radar_ir_gps (battery=79000)
[tick=11001 sim_ms=11001 wall=01-07-26 17:15:29.008] Device K rotated IN to radar_ir_gps (battery=79000)
[tick=11001 sim_ms=11001 wall=01-07-26 17:15:29.008] Device L rotated IN to radar_ir_gps (battery=79000)
[tick=11001 sim_ms=11001 wall=01-07-26 17:15:29.008] Device I rotated OUT of network_test_only to REST (battery=79000)
[tick=11001 sim_ms=11001 wall=01-07-26 17:15:29.008] Device J rotated OUT of network_test_only to REST (battery=79000)
[tick=11001 sim_ms=11001 wall=01-07-26 17:15:29.008] Device K rotated OUT of network_test_only to REST (battery=79000)
[tick=11001 sim_ms=11001 wall=01-07-26 17:15:29.008] Device L rotated OUT of network_test_only to REST (battery=79000)
[tick=11001 sim_ms=11001 wall=01-07-26 17:15:29.008] Device A rotated IN to network_test_only (battery=77000)
[tick=11001 sim_ms=11001 wall=01-07-26 17:15:29.008] Device B rotated IN to network_test_only (battery=77000)
[tick=11001 sim_ms=11001 wall=01-07-26 17:15:29.008] Device C rotated IN to network_test_only (battery=77000)
[tick=11001 sim_ms=11001 wall=01-07-26 17:15:29.008] Device D rotated IN to network_test_only (battery=77000)
[tick=12000 sim_ms=12000 wall=01-07-26 17:15:30.007] Battery interval applied; recovery evaluated for REST
[tick=12001 sim_ms=12001 wall=01-07-26 17:15:30.008] Device I rotated OUT of radar_ir_gps to REST (battery=76000)
[tick=12001 sim_ms=12001 wall=01-07-26 17:15:30.008] Device J rotated OUT of radar_ir_gps to REST (battery=76000)
[tick=12001 sim_ms=12001 wall=01-07-26 17:15:30.008] Device K rotated OUT of radar_ir_gps to REST (battery=76000)
[tick=12001 sim_ms=12001 wall=01-07-26 17:15:30.008] Device L rotated OUT of radar_ir_gps to REST (battery=76000)
[tick=12001 sim_ms=12001 wall=01-07-26 17:15:30.008] Device A rotated IN to radar_ir_gps (battery=76000)
[tick=12001 sim_ms=12001 wall=01-07-26 17:15:30.008] Device B rotated IN to radar_ir_gps (battery=76000)
[tick=12001 sim_ms=12001 wall=01-07-26 17:15:30.008] Device C rotated IN to radar_ir_gps (battery=76000)
[tick=12001 sim_ms=12001 wall=01-07-26 17:15:30.008] Device D rotated IN to radar_ir_gps (battery=76000)
[tick=12001 sim_ms=12001 wall=01-07-26 17:15:30.008] Device A rotated OUT of network_test_only to REST (battery=76000)
[tick=12001 sim_ms=12001 wall=01-07-26 17:15:30.008] Device B rotated OUT of network_test_only to REST (battery=76000)
[tick=12001 sim_ms=12001 wall=01-07-26 17:15:30.008] Device C rotated OUT of network_test_only to REST (battery=76000)
[tick=12001 sim_ms=12001 wall=01-07-26 17:15:30.008] Device D rotated OUT of network_test_only to REST (battery=76000)
[tick=12001 sim_ms=12001 wall=01-07-26 17:15:30.008] Device I rotated IN to network_test_only (battery=76000)
[tick=12001 sim_ms=12001 wall=01-07-26 17:15:30.008] Device J rotated IN to network_test_only (battery=76000)
[tick=12001 sim_ms=12001 wall=01-07-26 17:15:30.008] Device K rotated IN to network_test_only (battery=76000)
[tick=12001 sim_ms=12001 wall=01-07-26 17:15:30.008] Device L rotated IN to network_test_only (battery=76000)
[tick=13000 sim_ms=13000 wall=01-07-26 17:15:31.007] Battery interval applied; recovery evaluated for REST
[tick=13001 sim_ms=13001 wall=01-07-26 17:15:31.008] Device A rotated OUT of radar_ir_gps to REST (battery=73000)
[tick=13001 sim_ms=13001 wall=01-07-26 17:15:31.008] Device B rotated OUT of radar_ir_gps to REST (battery=73000)
[tick=13001 sim_ms=13001 wall=01-07-26 17:15:31.008] Device C rotated OUT of radar_ir_gps to REST (battery=73000)
[tick=13001 sim_ms=13001 wall=01-07-26 17:15:31.008] Device D rotated OUT of radar_ir_gps to REST (battery=73000)
[tick=13001 sim_ms=13001 wall=01-07-26 17:15:31.008] Device I rotated IN to radar_ir_gps (battery=75000)
[tick=13001 sim_ms=13001 wall=01-07-26 17:15:31.008] Device J rotated IN to radar_ir_gps (battery=75000)
[tick=13001 sim_ms=13001 wall=01-07-26 17:15:31.008] Device K rotated IN to radar_ir_gps (battery=75000)
[tick=13001 sim_ms=13001 wall=01-07-26 17:15:31.008] Device L rotated IN to radar_ir_gps (battery=75000)
[tick=13001 sim_ms=13001 wall=01-07-26 17:15:31.008] Device I rotated OUT of network_test_only to REST (battery=75000)
[tick=13001 sim_ms=13001 wall=01-07-26 17:15:31.008] Device J rotated OUT of network_test_only to REST (battery=75000)
[tick=13001 sim_ms=13001 wall=01-07-26 17:15:31.008] Device K rotated OUT of network_test_only to REST (battery=75000)
[tick=13001 sim_ms=13001 wall=01-07-26 17:15:31.008] Device L rotated OUT of network_test_only to REST (battery=75000)
[tick=13001 sim_ms=13001 wall=01-07-26 17:15:31.008] Device A rotated IN to network_test_only (battery=73000)
[tick=13001 sim_ms=13001 wall=01-07-26 17:15:31.008] Device B rotated IN to network_test_only (battery=73000)
[tick=13001 sim_ms=13001 wall=01-07-26 17:15:31.008] Device C rotated IN to network_test_only (battery=73000)
[tick=13001 sim_ms=13001 wall=01-07-26 17:15:31.008] Device D rotated IN to network_test_only (battery=73000)
[tick=14000 sim_ms=14000 wall=01-07-26 17:15:32.007] Battery interval applied; recovery evaluated for REST
[tick=14001 sim_ms=14001 wall=01-07-26 17:15:32.008] Device I rotated OUT of radar_ir_gps to REST (battery=72000)
[tick=14001 sim_ms=14001 wall=01-07-26 17:15:32.008] Device J rotated OUT of radar_ir_gps to REST (battery=72000)
[tick=14001 sim_ms=14001 wall=01-07-26 17:15:32.008] Device K rotated OUT of radar_ir_gps to REST (battery=72000)
[tick=14001 sim_ms=14001 wall=01-07-26 17:15:32.008] Device L rotated OUT of radar_ir_gps to REST (battery=72000)
[tick=14001 sim_ms=14001 wall=01-07-26 17:15:32.008] Device A rotated IN to radar_ir_gps (battery=72000)
[tick=14001 sim_ms=14001 wall=01-07-26 17:15:32.008] Device B rotated IN to radar_ir_gps (battery=72000)
[tick=14001 sim_ms=14001 wall=01-07-26 17:15:32.008] Device C rotated IN to radar_ir_gps (battery=72000)
[tick=14001 sim_ms=14001 wall=01-07-26 17:15:32.008] Device D rotated IN to radar_ir_gps (battery=72000)
[tick=14001 sim_ms=14001 wall=01-07-26 17:15:32.008] Device A rotated OUT of network_test_only to REST (battery=72000)
[tick=14001 sim_ms=14001 wall=01-07-26 17:15:32.008] Device B rotated OUT of network_test_only to REST (battery=72000)
[tick=14001 sim_ms=14001 wall=01-07-26 17:15:32.008] Device C rotated OUT of network_test_only to REST (battery=72000)
[tick=14001 sim_ms=14001 wall=01-07-26 17:15:32.008] Device D rotated OUT of network_test_only to REST (battery=72000)
[tick=14001 sim_ms=14001 wall=01-07-26 17:15:32.008] Device I rotated IN to network_test_only (battery=72000)
[tick=14001 sim_ms=14001 wall=01-07-26 17:15:32.008] Device J rotated IN to network_test_only (battery=72000)
[tick=14001 sim_ms=14001 wall=01-07-26 17:15:32.008] Device K rotated IN to network_test_only (battery=72000)
[tick=14001 sim_ms=14001 wall=01-07-26 17:15:32.008] Device L rotated IN to network_test_only (battery=72000)
[tick=15000 sim_ms=15000 wall=01-07-26 17:15:33.007] Battery interval applied; recovery evaluated for REST
[tick=15001 sim_ms=15001 wall=01-07-26 17:15:33.008] Device A rotated OUT of radar_ir_gps to REST (battery=69000)
[tick=15001 sim_ms=15001 wall=01-07-26 17:15:33.008] Device B rotated OUT of radar_ir_gps to REST (battery=69000)
[tick=15001 sim_ms=15001 wall=01-07-26 17:15:33.008] Device C rotated OUT of radar_ir_gps to REST (battery=69000)
[tick=15001 sim_ms=15001 wall=01-07-26 17:15:33.008] Device D rotated OUT of radar_ir_gps to REST (battery=69000)
[tick=15001 sim_ms=15001 wall=01-07-26 17:15:33.008] Device I rotated IN to radar_ir_gps (battery=71000)
[tick=15001 sim_ms=15001 wall=01-07-26 17:15:33.008] Device J rotated IN to radar_ir_gps (battery=71000)
[tick=15001 sim_ms=15001 wall=01-07-26 17:15:33.008] Device K rotated IN to radar_ir_gps (battery=71000)
[tick=15001 sim_ms=15001 wall=01-07-26 17:15:33.008] Device L rotated IN to radar_ir_gps (battery=71000)
[tick=15001 sim_ms=15001 wall=01-07-26 17:15:33.008] Device I rotated OUT of network_test_only to REST (battery=71000)
[tick=15001 sim_ms=15001 wall=01-07-26 17:15:33.008] Device J rotated OUT of network_test_only to REST (battery=71000)
[tick=15001 sim_ms=15001 wall=01-07-26 17:15:33.008] Device K rotated OUT of network_test_only to REST (battery=71000)
[tick=15001 sim_ms=15001 wall=01-07-26 17:15:33.008] Device L rotated OUT of network_test_only to REST (battery=71000)
[tick=15001 sim_ms=15001 wall=01-07-26 17:15:33.008] Device A rotated IN to network_test_only (battery=69000)
[tick=15001 sim_ms=15001 wall=01-07-26 17:15:33.008] Device B rotated IN to network_test_only (battery=69000)
[tick=15001 sim_ms=15001 wall=01-07-26 17:15:33.008] Device C rotated IN to network_test_only (battery=69000)
[tick=15001 sim_ms=15001 wall=01-07-26 17:15:33.008] Device D rotated IN to network_test_only (battery=69000)
[tick=16000 sim_ms=16000 wall=01-07-26 17:15:34.007] Battery interval applied; recovery evaluated for REST
[tick=16001 sim_ms=16001 wall=01-07-26 17:15:34.008] Device I rotated OUT of radar_ir_gps to REST (battery=68000)
[tick=16001 sim_ms=16001 wall=01-07-26 17:15:34.008] Device J rotated OUT of radar_ir_gps to REST (battery=68000)
[tick=16001 sim_ms=16001 wall=01-07-26 17:15:34.008] Device K rotated OUT of radar_ir_gps to REST (battery=68000)
[tick=16001 sim_ms=16001 wall=01-07-26 17:15:34.008] Device L rotated OUT of radar_ir_gps to REST (battery=68000)
[tick=16001 sim_ms=16001 wall=01-07-26 17:15:34.008] Device A rotated IN to radar_ir_gps (battery=68000)
[tick=16001 sim_ms=16001 wall=01-07-26 17:15:34.008] Device B rotated IN to radar_ir_gps (battery=68000)
[tick=16001 sim_ms=16001 wall=01-07-26 17:15:34.008] Device C rotated IN to radar_ir_gps (battery=68000)
[tick=16001 sim_ms=16001 wall=01-07-26 17:15:34.008] Device D rotated IN to radar_ir_gps (battery=68000)
[tick=16001 sim_ms=16001 wall=01-07-26 17:15:34.008] Device A rotated OUT of network_test_only to REST (battery=68000)
[tick=16001 sim_ms=16001 wall=01-07-26 17:15:34.008] Device B rotated OUT of network_test_only to REST (battery=68000)
[tick=16001 sim_ms=16001 wall=01-07-26 17:15:34.008] Device C rotated OUT of network_test_only to REST (battery=68000)
[tick=16001 sim_ms=16001 wall=01-07-26 17:15:34.008] Device D rotated OUT of network_test_only to REST (battery=68000)
[tick=16001 sim_ms=16001 wall=01-07-26 17:15:34.008] Device I rotated IN to network_test_only (battery=68000)
[tick=16001 sim_ms=16001 wall=01-07-26 17:15:34.008] Device J rotated IN to network_test_only (battery=68000)
[tick=16001 sim_ms=16001 wall=01-07-26 17:15:34.008] Device K rotated IN to network_test_only (battery=68000)
[tick=16001 sim_ms=16001 wall=01-07-26 17:15:34.008] Device L rotated IN to network_test_only (battery=68000)
[tick=17000 sim_ms=17000 wall=01-07-26 17:15:35.007] Battery interval applied; recovery evaluated for REST
[tick=17001 sim_ms=17001 wall=01-07-26 17:15:35.008] Device A rotated OUT of radar_ir_gps to REST (battery=65000)
[tick=17001 sim_ms=17001 wall=01-07-26 17:15:35.008] Device B rotated OUT of radar_ir_gps to REST (battery=65000)
[tick=17001 sim_ms=17001 wall=01-07-26 17:15:35.008] Device C rotated OUT of radar_ir_gps to REST (battery=65000)
[tick=17001 sim_ms=17001 wall=01-07-26 17:15:35.008] Device D rotated OUT of radar_ir_gps to REST (battery=65000)
[tick=17001 sim_ms=17001 wall=01-07-26 17:15:35.008] Device I rotated IN to radar_ir_gps (battery=67000)
[tick=17001 sim_ms=17001 wall=01-07-26 17:15:35.008] Device J rotated IN to radar_ir_gps (battery=67000)
[tick=17001 sim_ms=17001 wall=01-07-26 17:15:35.008] Device K rotated IN to radar_ir_gps (battery=67000)
[tick=17001 sim_ms=17001 wall=01-07-26 17:15:35.008] Device L rotated IN to radar_ir_gps (battery=67000)
[tick=17001 sim_ms=17001 wall=01-07-26 17:15:35.008] Device I rotated OUT of network_test_only to REST (battery=67000)
[tick=17001 sim_ms=17001 wall=01-07-26 17:15:35.008] Device J rotated OUT of network_test_only to REST (battery=67000)
[tick=17001 sim_ms=17001 wall=01-07-26 17:15:35.008] Device K rotated OUT of network_test_only to REST (battery=67000)
[tick=17001 sim_ms=17001 wall=01-07-26 17:15:35.008] Device L rotated OUT of network_test_only to REST (battery=67000)
[tick=17001 sim_ms=17001 wall=01-07-26 17:15:35.008] Device A rotated IN to network_test_only (battery=65000)
[tick=17001 sim_ms=17001 wall=01-07-26 17:15:35.008] Device B rotated IN to network_test_only (battery=65000)
[tick=17001 sim_ms=17001 wall=01-07-26 17:15:35.008] Device C rotated IN to network_test_only (battery=65000)
[tick=17001 sim_ms=17001 wall=01-07-26 17:15:35.008] Device D rotated IN to network_test_only (battery=65000)
[tick=18000 sim_ms=18000 wall=01-07-26 17:15:36.007] Battery interval applied; recovery evaluated for REST
[tick=18001 sim_ms=18001 wall=01-07-26 17:15:36.008] Device I rotated OUT of radar_ir_gps to REST (battery=64000)
[tick=18001 sim_ms=18001 wall=01-07-26 17:15:36.008] Device J rotated OUT of radar_ir_gps to REST (battery=64000)
[tick=18001 sim_ms=18001 wall=01-07-26 17:15:36.008] Device K rotated OUT of radar_ir_gps to REST (battery=64000)
[tick=18001 sim_ms=18001 wall=01-07-26 17:15:36.008] Device L rotated OUT of radar_ir_gps to REST (battery=64000)
[tick=18001 sim_ms=18001 wall=01-07-26 17:15:36.008] Device A rotated IN to radar_ir_gps (battery=64000)
[tick=18001 sim_ms=18001 wall=01-07-26 17:15:36.008] Device B rotated IN to radar_ir_gps (battery=64000)
[tick=18001 sim_ms=18001 wall=01-07-26 17:15:36.008] Device C rotated IN to radar_ir_gps (battery=64000)
[tick=18001 sim_ms=18001 wall=01-07-26 17:15:36.008] Device D rotated IN to radar_ir_gps (battery=64000)
[tick=18001 sim_ms=18001 wall=01-07-26 17:15:36.008] Device A rotated OUT of network_test_only to REST (battery=64000)
[tick=18001 sim_ms=18001 wall=01-07-26 17:15:36.008] Device B rotated OUT of network_test_only to REST (battery=64000)
[tick=18001 sim_ms=18001 wall=01-07-26 17:15:36.008] Device C rotated OUT of network_test_only to REST (battery=64000)
[tick=18001 sim_ms=18001 wall=01-07-26 17:15:36.008] Device D rotated OUT of network_test_only to REST (battery=64000)
[tick=18001 sim_ms=18001 wall=01-07-26 17:15:36.008] Device I rotated IN to network_test_only (battery=64000)
[tick=18001 sim_ms=18001 wall=01-07-26 17:15:36.008] Device J rotated IN to network_test_only (battery=64000)
[tick=18001 sim_ms=18001 wall=01-07-26 17:15:36.008] Device K rotated IN to network_test_only (battery=64000)
[tick=18001 sim_ms=18001 wall=01-07-26 17:15:36.008] Device L rotated IN to network_test_only (battery=64000)
[tick=19000 sim_ms=19000 wall=01-07-26 17:15:37.007] Battery interval applied; recovery evaluated for REST
[tick=19001 sim_ms=19001 wall=01-07-26 17:15:37.008] Device A rotated OUT of radar_ir_gps to REST (battery=61000)
[tick=19001 sim_ms=19001 wall=01-07-26 17:15:37.008] Device B rotated OUT of radar_ir_gps to REST (battery=61000)
[tick=19001 sim_ms=19001 wall=01-07-26 17:15:37.008] Device C rotated OUT of radar_ir_gps to REST (battery=61000)
[tick=19001 sim_ms=19001 wall=01-07-26 17:15:37.008] Device D rotated OUT of radar_ir_gps to REST (battery=61000)
[tick=19001 sim_ms=19001 wall=01-07-26 17:15:37.008] Device I rotated IN to radar_ir_gps (battery=63000)
[tick=19001 sim_ms=19001 wall=01-07-26 17:15:37.008] Device J rotated IN to radar_ir_gps (battery=63000)
[tick=19001 sim_ms=19001 wall=01-07-26 17:15:37.008] Device K rotated IN to radar_ir_gps (battery=63000)
[tick=19001 sim_ms=19001 wall=01-07-26 17:15:37.008] Device L rotated IN to radar_ir_gps (battery=63000)
[tick=19001 sim_ms=19001 wall=01-07-26 17:15:37.008] Device I rotated OUT of network_test_only to REST (battery=63000)
[tick=19001 sim_ms=19001 wall=01-07-26 17:15:37.008] Device J rotated OUT of network_test_only to REST (battery=63000)
[tick=19001 sim_ms=19001 wall=01-07-26 17:15:37.008] Device K rotated OUT of network_test_only to REST (battery=63000)
[tick=19001 sim_ms=19001 wall=01-07-26 17:15:37.008] Device L rotated OUT of network_test_only to REST (battery=63000)
[tick=19001 sim_ms=19001 wall=01-07-26 17:15:37.008] Device A rotated IN to network_test_only (battery=61000)
[tick=19001 sim_ms=19001 wall=01-07-26 17:15:37.008] Device B rotated IN to network_test_only (battery=61000)
[tick=19001 sim_ms=19001 wall=01-07-26 17:15:37.008] Device C rotated IN to network_test_only (battery=61000)
[tick=19001 sim_ms=19001 wall=01-07-26 17:15:37.008] Device D rotated IN to network_test_only (battery=61000)
[tick=20000 sim_ms=20000 wall=01-07-26 17:15:38.007] Battery interval applied; recovery evaluated for REST
[tick=20001 sim_ms=20001 wall=01-07-26 17:15:38.008] Device I rotated OUT of radar_ir_gps to REST (battery=60000)
[tick=20001 sim_ms=20001 wall=01-07-26 17:15:38.008] Device J rotated OUT of radar_ir_gps to REST (battery=60000)
[tick=20001 sim_ms=20001 wall=01-07-26 17:15:38.008] Device K rotated OUT of radar_ir_gps to REST (battery=60000)
[tick=20001 sim_ms=20001 wall=01-07-26 17:15:38.008] Device L rotated OUT of radar_ir_gps to REST (battery=60000)
[tick=20001 sim_ms=20001 wall=01-07-26 17:15:38.008] Device A rotated IN to radar_ir_gps (battery=60000)
[tick=20001 sim_ms=20001 wall=01-07-26 17:15:38.008] Device B rotated IN to radar_ir_gps (battery=60000)
[tick=20001 sim_ms=20001 wall=01-07-26 17:15:38.008] Device C rotated IN to radar_ir_gps (battery=60000)
[tick=20001 sim_ms=20001 wall=01-07-26 17:15:38.008] Device D rotated IN to radar_ir_gps (battery=60000)
[tick=20001 sim_ms=20001 wall=01-07-26 17:15:38.008] Device A rotated OUT of network_test_only to REST (battery=60000)
[tick=20001 sim_ms=20001 wall=01-07-26 17:15:38.008] Device B rotated OUT of network_test_only to REST (battery=60000)
[tick=20001 sim_ms=20001 wall=01-07-26 17:15:38.008] Device C rotated OUT of network_test_only to REST (battery=60000)
[tick=20001 sim_ms=20001 wall=01-07-26 17:15:38.008] Device D rotated OUT of network_test_only to REST (battery=60000)
[tick=20001 sim_ms=20001 wall=01-07-26 17:15:38.008] Device I rotated IN to network_test_only (battery=60000)
[tick=20001 sim_ms=20001 wall=01-07-26 17:15:38.008] Device J rotated IN to network_test_only (battery=60000)
[tick=20001 sim_ms=20001 wall=01-07-26 17:15:38.008] Device K rotated IN to network_test_only (battery=60000)
[tick=20001 sim_ms=20001 wall=01-07-26 17:15:38.008] Device L rotated IN to network_test_only (battery=60000)
[tick=21000 sim_ms=21000 wall=01-07-26 17:15:39.007] Battery interval applied; recovery evaluated for REST
[tick=21001 sim_ms=21001 wall=01-07-26 17:15:39.008] Device A rotated OUT of radar_ir_gps to REST (battery=57000)
[tick=21001 sim_ms=21001 wall=01-07-26 17:15:39.008] Device B rotated OUT of radar_ir_gps to REST (battery=57000)
[tick=21001 sim_ms=21001 wall=01-07-26 17:15:39.008] Device C rotated OUT of radar_ir_gps to REST (battery=57000)
[tick=21001 sim_ms=21001 wall=01-07-26 17:15:39.008] Device D rotated OUT of radar_ir_gps to REST (battery=57000)
[tick=21001 sim_ms=21001 wall=01-07-26 17:15:39.008] Device I rotated IN to radar_ir_gps (battery=59000)
[tick=21001 sim_ms=21001 wall=01-07-26 17:15:39.008] Device J rotated IN to radar_ir_gps (battery=59000)
[tick=21001 sim_ms=21001 wall=01-07-26 17:15:39.008] Device K rotated IN to radar_ir_gps (battery=59000)
[tick=21001 sim_ms=21001 wall=01-07-26 17:15:39.008] Device L rotated IN to radar_ir_gps (battery=59000)
[tick=21001 sim_ms=21001 wall=01-07-26 17:15:39.008] Device I rotated OUT of network_test_only to REST (battery=59000)
[tick=21001 sim_ms=21001 wall=01-07-26 17:15:39.008] Device J rotated OUT of network_test_only to REST (battery=59000)
[tick=21001 sim_ms=21001 wall=01-07-26 17:15:39.008] Device K rotated OUT of network_test_only to REST (battery=59000)
[tick=21001 sim_ms=21001 wall=01-07-26 17:15:39.008] Device L rotated OUT of network_test_only to REST (battery=59000)
[tick=21001 sim_ms=21001 wall=01-07-26 17:15:39.008] Device A rotated IN to network_test_only (battery=57000)
[tick=21001 sim_ms=21001 wall=01-07-26 17:15:39.008] Device B rotated IN to network_test_only (battery=57000)
[tick=21001 sim_ms=21001 wall=01-07-26 17:15:39.008] Device C rotated IN to network_test_only (battery=57000)
[tick=21001 sim_ms=21001 wall=01-07-26 17:15:39.008] Device D rotated IN to network_test_only (battery=57000)
[tick=22000 sim_ms=22000 wall=01-07-26 17:15:40.007] Battery interval applied; recovery evaluated for REST
[tick=22001 sim_ms=22001 wall=01-07-26 17:15:40.008] Device I rotated OUT of radar_ir_gps to REST (battery=56000)
[tick=22001 sim_ms=22001 wall=01-07-26 17:15:40.008] Device J rotated OUT of radar_ir_gps to REST (battery=56000)
[tick=22001 sim_ms=22001 wall=01-07-26 17:15:40.008] Device K rotated OUT of radar_ir_gps to REST (battery=56000)
[tick=22001 sim_ms=22001 wall=01-07-26 17:15:40.008] Device L rotated OUT of radar_ir_gps to REST (battery=56000)
[tick=22001 sim_ms=22001 wall=01-07-26 17:15:40.008] Device A rotated IN to radar_ir_gps (battery=56000)
[tick=22001 sim_ms=22001 wall=01-07-26 17:15:40.008] Device B rotated IN to radar_ir_gps (battery=56000)
[tick=22001 sim_ms=22001 wall=01-07-26 17:15:40.008] Device C rotated IN to radar_ir_gps (battery=56000)
[tick=22001 sim_ms=22001 wall=01-07-26 17:15:40.008] Device D rotated IN to radar_ir_gps (battery=56000)
[tick=22001 sim_ms=22001 wall=01-07-26 17:15:40.008] Device A rotated OUT of network_test_only to REST (battery=56000)
[tick=22001 sim_ms=22001 wall=01-07-26 17:15:40.008] Device B rotated OUT of network_test_only to REST (battery=56000)
[tick=22001 sim_ms=22001 wall=01-07-26 17:15:40.008] Device C rotated OUT of network_test_only to REST (battery=56000)
[tick=22001 sim_ms=22001 wall=01-07-26 17:15:40.008] Device D rotated OUT of network_test_only to REST (battery=56000)
[tick=22001 sim_ms=22001 wall=01-07-26 17:15:40.008] Device I rotated IN to network_test_only (battery=56000)
[tick=22001 sim_ms=22001 wall=01-07-26 17:15:40.008] Device J rotated IN to network_test_only (battery=56000)
[tick=22001 sim_ms=22001 wall=01-07-26 17:15:40.008] Device K rotated IN to network_test_only (battery=56000)
[tick=22001 sim_ms=22001 wall=01-07-26 17:15:40.008] Device L rotated IN to network_test_only (battery=56000)
[tick=23000 sim_ms=23000 wall=01-07-26 17:15:41.007] Battery interval applied; recovery evaluated for REST
[tick=23001 sim_ms=23001 wall=01-07-26 17:15:41.008] Device A rotated OUT of radar_ir_gps to REST (battery=53000)
[tick=23001 sim_ms=23001 wall=01-07-26 17:15:41.008] Device B rotated OUT of radar_ir_gps to REST (battery=53000)
[tick=23001 sim_ms=23001 wall=01-07-26 17:15:41.008] Device C rotated OUT of radar_ir_gps to REST (battery=53000)
[tick=23001 sim_ms=23001 wall=01-07-26 17:15:41.008] Device D rotated OUT of radar_ir_gps to REST (battery=53000)
[tick=23001 sim_ms=23001 wall=01-07-26 17:15:41.008] Device I rotated IN to radar_ir_gps (battery=55000)
[tick=23001 sim_ms=23001 wall=01-07-26 17:15:41.008] Device J rotated IN to radar_ir_gps (battery=55000)
[tick=23001 sim_ms=23001 wall=01-07-26 17:15:41.008] Device K rotated IN to radar_ir_gps (battery=55000)
[tick=23001 sim_ms=23001 wall=01-07-26 17:15:41.008] Device L rotated IN to radar_ir_gps (battery=55000)
[tick=23001 sim_ms=23001 wall=01-07-26 17:15:41.008] Device I rotated OUT of network_test_only to REST (battery=55000)
[tick=23001 sim_ms=23001 wall=01-07-26 17:15:41.008] Device J rotated OUT of network_test_only to REST (battery=55000)
[tick=23001 sim_ms=23001 wall=01-07-26 17:15:41.008] Device K rotated OUT of network_test_only to REST (battery=55000)
[tick=23001 sim_ms=23001 wall=01-07-26 17:15:41.008] Device L rotated OUT of network_test_only to REST (battery=55000)
[tick=23001 sim_ms=23001 wall=01-07-26 17:15:41.008] Device A rotated IN to network_test_only (battery=53000)
[tick=23001 sim_ms=23001 wall=01-07-26 17:15:41.008] Device B rotated IN to network_test_only (battery=53000)
[tick=23001 sim_ms=23001 wall=01-07-26 17:15:41.008] Device C rotated IN to network_test_only (battery=53000)
[tick=23001 sim_ms=23001 wall=01-07-26 17:15:41.008] Device D rotated IN to network_test_only (battery=53000)
[tick=24000 sim_ms=24000 wall=01-07-26 17:15:42.007] Battery interval applied; recovery evaluated for REST
[tick=24001 sim_ms=24001 wall=01-07-26 17:15:42.008] Device I rotated OUT of radar_ir_gps to REST (battery=52000)
[tick=24001 sim_ms=24001 wall=01-07-26 17:15:42.008] Device J rotated OUT of radar_ir_gps to REST (battery=52000)
[tick=24001 sim_ms=24001 wall=01-07-26 17:15:42.008] Device K rotated OUT of radar_ir_gps to REST (battery=52000)
[tick=24001 sim_ms=24001 wall=01-07-26 17:15:42.008] Device L rotated OUT of radar_ir_gps to REST (battery=52000)
[tick=24001 sim_ms=24001 wall=01-07-26 17:15:42.008] Device A rotated IN to radar_ir_gps (battery=52000)
[tick=24001 sim_ms=24001 wall=01-07-26 17:15:42.008] Device B rotated IN to radar_ir_gps (battery=52000)
[tick=24001 sim_ms=24001 wall=01-07-26 17:15:42.008] Device C rotated IN to radar_ir_gps (battery=52000)
[tick=24001 sim_ms=24001 wall=01-07-26 17:15:42.008] Device D rotated IN to radar_ir_gps (battery=52000)
[tick=24001 sim_ms=24001 wall=01-07-26 17:15:42.008] Device A rotated OUT of network_test_only to REST (battery=52000)
[tick=24001 sim_ms=24001 wall=01-07-26 17:15:42.008] Device B rotated OUT of network_test_only to REST (battery=52000)
[tick=24001 sim_ms=24001 wall=01-07-26 17:15:42.008] Device C rotated OUT of network_test_only to REST (battery=52000)
[tick=24001 sim_ms=24001 wall=01-07-26 17:15:42.008] Device D rotated OUT of network_test_only to REST (battery=52000)
[tick=24001 sim_ms=24001 wall=01-07-26 17:15:42.008] Device I rotated IN to network_test_only (battery=52000)
[tick=24001 sim_ms=24001 wall=01-07-26 17:15:42.008] Device J rotated IN to network_test_only (battery=52000)
[tick=24001 sim_ms=24001 wall=01-07-26 17:15:42.008] Device K rotated IN to network_test_only (battery=52000)
[tick=24001 sim_ms=24001 wall=01-07-26 17:15:42.008] Device L rotated IN to network_test_only (battery=52000)
[tick=25000 sim_ms=25000 wall=01-07-26 17:15:43.007] Battery interval applied; recovery evaluated for REST
[tick=25001 sim_ms=25001 wall=01-07-26 17:15:43.008] Device A rotated OUT of radar_ir_gps to REST (battery=49000)
[tick=25001 sim_ms=25001 wall=01-07-26 17:15:43.008] Device B rotated OUT of radar_ir_gps to REST (battery=49000)
[tick=25001 sim_ms=25001 wall=01-07-26 17:15:43.008] Device C rotated OUT of radar_ir_gps to REST (battery=49000)
[tick=25001 sim_ms=25001 wall=01-07-26 17:15:43.008] Device D rotated OUT of radar_ir_gps to REST (battery=49000)
[tick=25001 sim_ms=25001 wall=01-07-26 17:15:43.008] Device I rotated IN to radar_ir_gps (battery=51000)
[tick=25001 sim_ms=25001 wall=01-07-26 17:15:43.008] Device J rotated IN to radar_ir_gps (battery=51000)
[tick=25001 sim_ms=25001 wall=01-07-26 17:15:43.008] Device K rotated IN to radar_ir_gps (battery=51000)
[tick=25001 sim_ms=25001 wall=01-07-26 17:15:43.008] Device L rotated IN to radar_ir_gps (battery=51000)
[tick=25001 sim_ms=25001 wall=01-07-26 17:15:43.008] Device I rotated OUT of network_test_only to REST (battery=51000)
[tick=25001 sim_ms=25001 wall=01-07-26 17:15:43.008] Device J rotated OUT of network_test_only to REST (battery=51000)
[tick=25001 sim_ms=25001 wall=01-07-26 17:15:43.008] Device K rotated OUT of network_test_only to REST (battery=51000)
[tick=25001 sim_ms=25001 wall=01-07-26 17:15:43.008] Device L rotated OUT of network_test_only to REST (battery=51000)
[tick=25001 sim_ms=25001 wall=01-07-26 17:15:43.008] Device A rotated IN to network_test_only (battery=49000)
[tick=25001 sim_ms=25001 wall=01-07-26 17:15:43.008] Device B rotated IN to network_test_only (battery=49000)
[tick=25001 sim_ms=25001 wall=01-07-26 17:15:43.008] Device C rotated IN to network_test_only (battery=49000)
[tick=25001 sim_ms=25001 wall=01-07-26 17:15:43.008] Device D rotated IN to network_test_only (battery=49000)
[tick=26000 sim_ms=26000 wall=01-07-26 17:15:44.007] Battery interval applied; recovery evaluated for REST
[tick=26001 sim_ms=26001 wall=01-07-26 17:15:44.008] Device I rotated OUT of radar_ir_gps to REST (battery=48000)
[tick=26001 sim_ms=26001 wall=01-07-26 17:15:44.008] Device J rotated OUT of radar_ir_gps to REST (battery=48000)
[tick=26001 sim_ms=26001 wall=01-07-26 17:15:44.008] Device K rotated OUT of radar_ir_gps to REST (battery=48000)
[tick=26001 sim_ms=26001 wall=01-07-26 17:15:44.008] Device L rotated OUT of radar_ir_gps to REST (battery=48000)
[tick=26001 sim_ms=26001 wall=01-07-26 17:15:44.008] Device A rotated IN to radar_ir_gps (battery=48000)
[tick=26001 sim_ms=26001 wall=01-07-26 17:15:44.008] Device B rotated IN to radar_ir_gps (battery=48000)
[tick=26001 sim_ms=26001 wall=01-07-26 17:15:44.008] Device C rotated IN to radar_ir_gps (battery=48000)
[tick=26001 sim_ms=26001 wall=01-07-26 17:15:44.008] Device D rotated IN to radar_ir_gps (battery=48000)
[tick=26001 sim_ms=26001 wall=01-07-26 17:15:44.008] Device A rotated OUT of network_test_only to REST (battery=48000)
[tick=26001 sim_ms=26001 wall=01-07-26 17:15:44.008] Device B rotated OUT of network_test_only to REST (battery=48000)
[tick=26001 sim_ms=26001 wall=01-07-26 17:15:44.008] Device C rotated OUT of network_test_only to REST (battery=48000)
[tick=26001 sim_ms=26001 wall=01-07-26 17:15:44.008] Device D rotated OUT of network_test_only to REST (battery=48000)
[tick=26001 sim_ms=26001 wall=01-07-26 17:15:44.008] Device I rotated IN to network_test_only (battery=48000)
[tick=26001 sim_ms=26001 wall=01-07-26 17:15:44.008] Device J rotated IN to network_test_only (battery=48000)
[tick=26001 sim_ms=26001 wall=01-07-26 17:15:44.008] Device K rotated IN to network_test_only (battery=48000)
[tick=26001 sim_ms=26001 wall=01-07-26 17:15:44.008] Device L rotated IN to network_test_only (battery=48000)
[tick=27000 sim_ms=27000 wall=01-07-26 17:15:45.007] Battery interval applied; recovery evaluated for REST
[tick=27001 sim_ms=27001 wall=01-07-26 17:15:45.008] Device A rotated OUT of radar_ir_gps to REST (battery=45000)
[tick=27001 sim_ms=27001 wall=01-07-26 17:15:45.008] Device B rotated OUT of radar_ir_gps to REST (battery=45000)
[tick=27001 sim_ms=27001 wall=01-07-26 17:15:45.008] Device C rotated OUT of radar_ir_gps to REST (battery=45000)
[tick=27001 sim_ms=27001 wall=01-07-26 17:15:45.008] Device D rotated OUT of radar_ir_gps to REST (battery=45000)
[tick=27001 sim_ms=27001 wall=01-07-26 17:15:45.008] Device I rotated IN to radar_ir_gps (battery=47000)
[tick=27001 sim_ms=27001 wall=01-07-26 17:15:45.008] Device J rotated IN to radar_ir_gps (battery=47000)
[tick=27001 sim_ms=27001 wall=01-07-26 17:15:45.008] Device K rotated IN to radar_ir_gps (battery=47000)
[tick=27001 sim_ms=27001 wall=01-07-26 17:15:45.008] Device L rotated IN to radar_ir_gps (battery=47000)
[tick=27001 sim_ms=27001 wall=01-07-26 17:15:45.008] Device I rotated OUT of network_test_only to REST (battery=47000)
[tick=27001 sim_ms=27001 wall=01-07-26 17:15:45.008] Device J rotated OUT of network_test_only to REST (battery=47000)
[tick=27001 sim_ms=27001 wall=01-07-26 17:15:45.008] Device K rotated OUT of network_test_only to REST (battery=47000)
[tick=27001 sim_ms=27001 wall=01-07-26 17:15:45.008] Device L rotated OUT of network_test_only to REST (battery=47000)
[tick=27001 sim_ms=27001 wall=01-07-26 17:15:45.008] Device A rotated IN to network_test_only (battery=45000)
[tick=27001 sim_ms=27001 wall=01-07-26 17:15:45.008] Device B rotated IN to network_test_only (battery=45000)
[tick=27001 sim_ms=27001 wall=01-07-26 17:15:45.008] Device C rotated IN to network_test_only (battery=45000)
[tick=27001 sim_ms=27001 wall=01-07-26 17:15:45.008] Device D rotated IN to network_test_only (battery=45000)
[tick=28000 sim_ms=28000 wall=01-07-26 17:15:46.007] Battery interval applied; recovery evaluated for REST
[tick=28001 sim_ms=28001 wall=01-07-26 17:15:46.008] Device I rotated OUT of radar_ir_gps to REST (battery=44000)
[tick=28001 sim_ms=28001 wall=01-07-26 17:15:46.008] Device J rotated OUT of radar_ir_gps to REST (battery=44000)
[tick=28001 sim_ms=28001 wall=01-07-26 17:15:46.008] Device K rotated OUT of radar_ir_gps to REST (battery=44000)
[tick=28001 sim_ms=28001 wall=01-07-26 17:15:46.008] Device L rotated OUT of radar_ir_gps to REST (battery=44000)
[tick=28001 sim_ms=28001 wall=01-07-26 17:15:46.008] Device A rotated IN to radar_ir_gps (battery=44000)
[tick=28001 sim_ms=28001 wall=01-07-26 17:15:46.008] Device B rotated IN to radar_ir_gps (battery=44000)
[tick=28001 sim_ms=28001 wall=01-07-26 17:15:46.008] Device C rotated IN to radar_ir_gps (battery=44000)
[tick=28001 sim_ms=28001 wall=01-07-26 17:15:46.008] Device D rotated IN to radar_ir_gps (battery=44000)
[tick=28001 sim_ms=28001 wall=01-07-26 17:15:46.008] Device A rotated OUT of network_test_only to REST (battery=44000)
[tick=28001 sim_ms=28001 wall=01-07-26 17:15:46.008] Device B rotated OUT of network_test_only to REST (battery=44000)
[tick=28001 sim_ms=28001 wall=01-07-26 17:15:46.008] Device C rotated OUT of network_test_only to REST (battery=44000)
[tick=28001 sim_ms=28001 wall=01-07-26 17:15:46.008] Device D rotated OUT of network_test_only to REST (battery=44000)
[tick=28001 sim_ms=28001 wall=01-07-26 17:15:46.008] Device I rotated IN to network_test_only (battery=44000)
[tick=28001 sim_ms=28001 wall=01-07-26 17:15:46.008] Device J rotated IN to network_test_only (battery=44000)
[tick=28001 sim_ms=28001 wall=01-07-26 17:15:46.008] Device K rotated IN to network_test_only (battery=44000)
[tick=28001 sim_ms=28001 wall=01-07-26 17:15:46.008] Device L rotated IN to network_test_only (battery=44000)
[tick=29000 sim_ms=29000 wall=01-07-26 17:15:47.007] Battery interval applied; recovery evaluated for REST
[tick=29001 sim_ms=29001 wall=01-07-26 17:15:47.008] Device A rotated OUT of radar_ir_gps to REST (battery=41000)
[tick=29001 sim_ms=29001 wall=01-07-26 17:15:47.008] Device B rotated OUT of radar_ir_gps to REST (battery=41000)
[tick=29001 sim_ms=29001 wall=01-07-26 17:15:47.008] Device C rotated OUT of radar_ir_gps to REST (battery=41000)
[tick=29001 sim_ms=29001 wall=01-07-26 17:15:47.008] Device D rotated OUT of radar_ir_gps to REST (battery=41000)
[tick=29001 sim_ms=29001 wall=01-07-26 17:15:47.008] Device I rotated IN to radar_ir_gps (battery=43000)
[tick=29001 sim_ms=29001 wall=01-07-26 17:15:47.008] Device J rotated IN to radar_ir_gps (battery=43000)
[tick=29001 sim_ms=29001 wall=01-07-26 17:15:47.008] Device K rotated IN to radar_ir_gps (battery=43000)
[tick=29001 sim_ms=29001 wall=01-07-26 17:15:47.008] Device L rotated IN to radar_ir_gps (battery=43000)
[tick=29001 sim_ms=29001 wall=01-07-26 17:15:47.008] Device I rotated OUT of network_test_only to REST (battery=43000)
[tick=29001 sim_ms=29001 wall=01-07-26 17:15:47.008] Device J rotated OUT of network_test_only to REST (battery=43000)
[tick=29001 sim_ms=29001 wall=01-07-26 17:15:47.008] Device K rotated OUT of network_test_only to REST (battery=43000)
[tick=29001 sim_ms=29001 wall=01-07-26 17:15:47.008] Device L rotated OUT of network_test_only to REST (battery=43000)
[tick=29001 sim_ms=29001 wall=01-07-26 17:15:47.008] Device A rotated IN to network_test_only (battery=41000)
[tick=29001 sim_ms=29001 wall=01-07-26 17:15:47.008] Device B rotated IN to network_test_only (battery=41000)
[tick=29001 sim_ms=29001 wall=01-07-26 17:15:47.008] Device C rotated IN to network_test_only (battery=41000)
[tick=29001 sim_ms=29001 wall=01-07-26 17:15:47.008] Device D rotated IN to network_test_only (battery=41000)
[tick=30000 sim_ms=30000 wall=01-07-26 17:15:48.007] Battery interval applied; recovery evaluated for REST
[tick=30001 sim_ms=30001 wall=01-07-26 17:15:48.008] Device I rotated OUT of radar_ir_gps to REST (battery=40000)
[tick=30001 sim_ms=30001 wall=01-07-26 17:15:48.008] Device J rotated OUT of radar_ir_gps to REST (battery=40000)
[tick=30001 sim_ms=30001 wall=01-07-26 17:15:48.008] Device K rotated OUT of radar_ir_gps to REST (battery=40000)
[tick=30001 sim_ms=30001 wall=01-07-26 17:15:48.008] Device L rotated OUT of radar_ir_gps to REST (battery=40000)
[tick=30001 sim_ms=30001 wall=01-07-26 17:15:48.008] Device A rotated IN to radar_ir_gps (battery=40000)
[tick=30001 sim_ms=30001 wall=01-07-26 17:15:48.008] Device B rotated IN to radar_ir_gps (battery=40000)
[tick=30001 sim_ms=30001 wall=01-07-26 17:15:48.008] Device C rotated IN to radar_ir_gps (battery=40000)
[tick=30001 sim_ms=30001 wall=01-07-26 17:15:48.008] Device D rotated IN to radar_ir_gps (battery=40000)
[tick=30001 sim_ms=30001 wall=01-07-26 17:15:48.008] Device A rotated OUT of network_test_only to REST (battery=40000)
[tick=30001 sim_ms=30001 wall=01-07-26 17:15:48.008] Device B rotated OUT of network_test_only to REST (battery=40000)
[tick=30001 sim_ms=30001 wall=01-07-26 17:15:48.008] Device C rotated OUT of network_test_only to REST (battery=40000)
[tick=30001 sim_ms=30001 wall=01-07-26 17:15:48.008] Device D rotated OUT of network_test_only to REST (battery=40000)
[tick=30001 sim_ms=30001 wall=01-07-26 17:15:48.008] Device I rotated IN to network_test_only (battery=40000)
[tick=30001 sim_ms=30001 wall=01-07-26 17:15:48.008] Device J rotated IN to network_test_only (battery=40000)
[tick=30001 sim_ms=30001 wall=01-07-26 17:15:48.008] Device K rotated IN to network_test_only (battery=40000)
[tick=30001 sim_ms=30001 wall=01-07-26 17:15:48.008] Device L rotated IN to network_test_only (battery=40000)
[tick=31000 sim_ms=31000 wall=01-07-26 17:15:49.007] Battery interval applied; recovery evaluated for REST
[tick=31001 sim_ms=31001 wall=01-07-26 17:15:49.008] Device A rotated OUT of radar_ir_gps to REST (battery=37000)
[tick=31001 sim_ms=31001 wall=01-07-26 17:15:49.008] Device B rotated OUT of radar_ir_gps to REST (battery=37000)
[tick=31001 sim_ms=31001 wall=01-07-26 17:15:49.008] Device C rotated OUT of radar_ir_gps to REST (battery=37000)
[tick=31001 sim_ms=31001 wall=01-07-26 17:15:49.008] Device D rotated OUT of radar_ir_gps to REST (battery=37000)
[tick=31001 sim_ms=31001 wall=01-07-26 17:15:49.008] Device I rotated IN to radar_ir_gps (battery=39000)
[tick=31001 sim_ms=31001 wall=01-07-26 17:15:49.008] Device J rotated IN to radar_ir_gps (battery=39000)
[tick=31001 sim_ms=31001 wall=01-07-26 17:15:49.008] Device K rotated IN to radar_ir_gps (battery=39000)
[tick=31001 sim_ms=31001 wall=01-07-26 17:15:49.008] Device L rotated IN to radar_ir_gps (battery=39000)
[tick=31001 sim_ms=31001 wall=01-07-26 17:15:49.008] Device I rotated OUT of network_test_only to REST (battery=39000)
[tick=31001 sim_ms=31001 wall=01-07-26 17:15:49.008] Device J rotated OUT of network_test_only to REST (battery=39000)
[tick=31001 sim_ms=31001 wall=01-07-26 17:15:49.008] Device K rotated OUT of network_test_only to REST (battery=39000)
[tick=31001 sim_ms=31001 wall=01-07-26 17:15:49.008] Device L rotated OUT of network_test_only to REST (battery=39000)
[tick=31001 sim_ms=31001 wall=01-07-26 17:15:49.008] Device A rotated IN to network_test_only (battery=37000)
[tick=31001 sim_ms=31001 wall=01-07-26 17:15:49.008] Device B rotated IN to network_test_only (battery=37000)
[tick=31001 sim_ms=31001 wall=01-07-26 17:15:49.008] Device C rotated IN to network_test_only (battery=37000)
[tick=31001 sim_ms=31001 wall=01-07-26 17:15:49.008] Device D rotated IN to network_test_only (battery=37000)
[tick=32000 sim_ms=32000 wall=01-07-26 17:15:50.007] Battery interval applied; recovery evaluated for REST
[tick=32001 sim_ms=32001 wall=01-07-26 17:15:50.008] Device I rotated OUT of radar_ir_gps to REST (battery=36000)
[tick=32001 sim_ms=32001 wall=01-07-26 17:15:50.008] Device J rotated OUT of radar_ir_gps to REST (battery=36000)
[tick=32001 sim_ms=32001 wall=01-07-26 17:15:50.008] Device K rotated OUT of radar_ir_gps to REST (battery=36000)
[tick=32001 sim_ms=32001 wall=01-07-26 17:15:50.008] Device L rotated OUT of radar_ir_gps to REST (battery=36000)
[tick=32001 sim_ms=32001 wall=01-07-26 17:15:50.008] Device A rotated IN to radar_ir_gps (battery=36000)
[tick=32001 sim_ms=32001 wall=01-07-26 17:15:50.008] Device B rotated IN to radar_ir_gps (battery=36000)
[tick=32001 sim_ms=32001 wall=01-07-26 17:15:50.008] Device C rotated IN to radar_ir_gps (battery=36000)
[tick=32001 sim_ms=32001 wall=01-07-26 17:15:50.008] Device D rotated IN to radar_ir_gps (battery=36000)
[tick=32001 sim_ms=32001 wall=01-07-26 17:15:50.008] Device A rotated OUT of network_test_only to REST (battery=36000)
[tick=32001 sim_ms=32001 wall=01-07-26 17:15:50.008] Device B rotated OUT of network_test_only to REST (battery=36000)
[tick=32001 sim_ms=32001 wall=01-07-26 17:15:50.008] Device C rotated OUT of network_test_only to REST (battery=36000)
[tick=32001 sim_ms=32001 wall=01-07-26 17:15:50.008] Device D rotated OUT of network_test_only to REST (battery=36000)
[tick=32001 sim_ms=32001 wall=01-07-26 17:15:50.008] Device I rotated IN to network_test_only (battery=36000)
[tick=32001 sim_ms=32001 wall=01-07-26 17:15:50.008] Device J rotated IN to network_test_only (battery=36000)
[tick=32001 sim_ms=32001 wall=01-07-26 17:15:50.008] Device K rotated IN to network_test_only (battery=36000)
[tick=32001 sim_ms=32001 wall=01-07-26 17:15:50.008] Device L rotated IN to network_test_only (battery=36000)
[tick=33000 sim_ms=33000 wall=01-07-26 17:15:51.007] Battery interval applied; recovery evaluated for REST
[tick=33001 sim_ms=33001 wall=01-07-26 17:15:51.008] Device A rotated OUT of radar_ir_gps to REST (battery=33000)
[tick=33001 sim_ms=33001 wall=01-07-26 17:15:51.008] Device B rotated OUT of radar_ir_gps to REST (battery=33000)
[tick=33001 sim_ms=33001 wall=01-07-26 17:15:51.008] Device C rotated OUT of radar_ir_gps to REST (battery=33000)
[tick=33001 sim_ms=33001 wall=01-07-26 17:15:51.008] Device D rotated OUT of radar_ir_gps to REST (battery=33000)
[tick=33001 sim_ms=33001 wall=01-07-26 17:15:51.008] Device I rotated IN to radar_ir_gps (battery=35000)
[tick=33001 sim_ms=33001 wall=01-07-26 17:15:51.008] Device J rotated IN to radar_ir_gps (battery=35000)
[tick=33001 sim_ms=33001 wall=01-07-26 17:15:51.008] Device K rotated IN to radar_ir_gps (battery=35000)
[tick=33001 sim_ms=33001 wall=01-07-26 17:15:51.008] Device L rotated IN to radar_ir_gps (battery=35000)
[tick=33001 sim_ms=33001 wall=01-07-26 17:15:51.008] Device I rotated OUT of network_test_only to REST (battery=35000)
[tick=33001 sim_ms=33001 wall=01-07-26 17:15:51.008] Device J rotated OUT of network_test_only to REST (battery=35000)
[tick=33001 sim_ms=33001 wall=01-07-26 17:15:51.008] Device K rotated OUT of network_test_only to REST (battery=35000)
[tick=33001 sim_ms=33001 wall=01-07-26 17:15:51.008] Device L rotated OUT of network_test_only to REST (battery=35000)
[tick=33001 sim_ms=33001 wall=01-07-26 17:15:51.008] Device A rotated IN to network_test_only (battery=33000)
[tick=33001 sim_ms=33001 wall=01-07-26 17:15:51.008] Device B rotated IN to network_test_only (battery=33000)
[tick=33001 sim_ms=33001 wall=01-07-26 17:15:51.008] Device C rotated IN to network_test_only (battery=33000)
[tick=33001 sim_ms=33001 wall=01-07-26 17:15:51.008] Device D rotated IN to network_test_only (battery=33000)
[tick=34000 sim_ms=34000 wall=01-07-26 17:15:52.007] Battery interval applied; recovery evaluated for REST
[tick=34001 sim_ms=34001 wall=01-07-26 17:15:52.008] Device I rotated OUT of radar_ir_gps to REST (battery=32000)
[tick=34001 sim_ms=34001 wall=01-07-26 17:15:52.008] Device J rotated OUT of radar_ir_gps to REST (battery=32000)
[tick=34001 sim_ms=34001 wall=01-07-26 17:15:52.008] Device K rotated OUT of radar_ir_gps to REST (battery=32000)
[tick=34001 sim_ms=34001 wall=01-07-26 17:15:52.008] Device L rotated OUT of radar_ir_gps to REST (battery=32000)
[tick=34001 sim_ms=34001 wall=01-07-26 17:15:52.008] Device A rotated IN to radar_ir_gps (battery=32000)
[tick=34001 sim_ms=34001 wall=01-07-26 17:15:52.008] Device B rotated IN to radar_ir_gps (battery=32000)
[tick=34001 sim_ms=34001 wall=01-07-26 17:15:52.008] Device C rotated IN to radar_ir_gps (battery=32000)
[tick=34001 sim_ms=34001 wall=01-07-26 17:15:52.008] Device D rotated IN to radar_ir_gps (battery=32000)
[tick=34001 sim_ms=34001 wall=01-07-26 17:15:52.008] Device A rotated OUT of network_test_only to REST (battery=32000)
[tick=34001 sim_ms=34001 wall=01-07-26 17:15:52.008] Device B rotated OUT of network_test_only to REST (battery=32000)
[tick=34001 sim_ms=34001 wall=01-07-26 17:15:52.008] Device C rotated OUT of network_test_only to REST (battery=32000)
[tick=34001 sim_ms=34001 wall=01-07-26 17:15:52.008] Device D rotated OUT of network_test_only to REST (battery=32000)
[tick=34001 sim_ms=34001 wall=01-07-26 17:15:52.008] Device I rotated IN to network_test_only (battery=32000)
[tick=34001 sim_ms=34001 wall=01-07-26 17:15:52.008] Device J rotated IN to network_test_only (battery=32000)
[tick=34001 sim_ms=34001 wall=01-07-26 17:15:52.008] Device K rotated IN to network_test_only (battery=32000)
[tick=34001 sim_ms=34001 wall=01-07-26 17:15:52.008] Device L rotated IN to network_test_only (battery=32000)
[tick=35000 sim_ms=35000 wall=01-07-26 17:15:53.007] Battery interval applied; recovery evaluated for REST
[tick=35001 sim_ms=35001 wall=01-07-26 17:15:53.008] Device A rotated OUT of radar_ir_gps to REST (battery=29000)
[tick=35001 sim_ms=35001 wall=01-07-26 17:15:53.008] Device B rotated OUT of radar_ir_gps to REST (battery=29000)
[tick=35001 sim_ms=35001 wall=01-07-26 17:15:53.008] Device C rotated OUT of radar_ir_gps to REST (battery=29000)
[tick=35001 sim_ms=35001 wall=01-07-26 17:15:53.008] Device D rotated OUT of radar_ir_gps to REST (battery=29000)
[tick=35001 sim_ms=35001 wall=01-07-26 17:15:53.008] Device I rotated IN to radar_ir_gps (battery=31000)
[tick=35001 sim_ms=35001 wall=01-07-26 17:15:53.008] Device J rotated IN to radar_ir_gps (battery=31000)
[tick=35001 sim_ms=35001 wall=01-07-26 17:15:53.008] Device K rotated IN to radar_ir_gps (battery=31000)
[tick=35001 sim_ms=35001 wall=01-07-26 17:15:53.008] Device L rotated IN to radar_ir_gps (battery=31000)
[tick=35001 sim_ms=35001 wall=01-07-26 17:15:53.008] Device I rotated OUT of network_test_only to REST (battery=31000)
[tick=35001 sim_ms=35001 wall=01-07-26 17:15:53.008] Device J rotated OUT of network_test_only to REST (battery=31000)
[tick=35001 sim_ms=35001 wall=01-07-26 17:15:53.008] Device K rotated OUT of network_test_only to REST (battery=31000)
[tick=35001 sim_ms=35001 wall=01-07-26 17:15:53.008] Device L rotated OUT of network_test_only to REST (battery=31000)
[tick=35001 sim_ms=35001 wall=01-07-26 17:15:53.008] Device A rotated IN to network_test_only (battery=29000)
[tick=35001 sim_ms=35001 wall=01-07-26 17:15:53.008] Device B rotated IN to network_test_only (battery=29000)
[tick=35001 sim_ms=35001 wall=01-07-26 17:15:53.008] Device C rotated IN to network_test_only (battery=29000)
[tick=35001 sim_ms=35001 wall=01-07-26 17:15:53.008] Device D rotated IN to network_test_only (battery=29000)
[tick=36000 sim_ms=36000 wall=01-07-26 17:15:54.007] Battery interval applied; recovery evaluated for REST
[tick=36001 sim_ms=36001 wall=01-07-26 17:15:54.008] Device I rotated OUT of radar_ir_gps to REST (battery=28000)
[tick=36001 sim_ms=36001 wall=01-07-26 17:15:54.008] Device J rotated OUT of radar_ir_gps to REST (battery=28000)
[tick=36001 sim_ms=36001 wall=01-07-26 17:15:54.008] Device K rotated OUT of radar_ir_gps to REST (battery=28000)
[tick=36001 sim_ms=36001 wall=01-07-26 17:15:54.008] Device L rotated OUT of radar_ir_gps to REST (battery=28000)
[tick=36001 sim_ms=36001 wall=01-07-26 17:15:54.008] Device A rotated IN to radar_ir_gps (battery=28000)
[tick=36001 sim_ms=36001 wall=01-07-26 17:15:54.008] Device B rotated IN to radar_ir_gps (battery=28000)
[tick=36001 sim_ms=36001 wall=01-07-26 17:15:54.008] Device C rotated IN to radar_ir_gps (battery=28000)
[tick=36001 sim_ms=36001 wall=01-07-26 17:15:54.008] Device D rotated IN to radar_ir_gps (battery=28000)
[tick=36001 sim_ms=36001 wall=01-07-26 17:15:54.008] Device A rotated OUT of network_test_only to REST (battery=28000)
[tick=36001 sim_ms=36001 wall=01-07-26 17:15:54.008] Device B rotated OUT of network_test_only to REST (battery=28000)
[tick=36001 sim_ms=36001 wall=01-07-26 17:15:54.008] Device C rotated OUT of network_test_only to REST (battery=28000)
[tick=36001 sim_ms=36001 wall=01-07-26 17:15:54.008] Device D rotated OUT of network_test_only to REST (battery=28000)
[tick=36001 sim_ms=36001 wall=01-07-26 17:15:54.008] Device I rotated IN to network_test_only (battery=28000)
[tick=36001 sim_ms=36001 wall=01-07-26 17:15:54.008] Device J rotated IN to network_test_only (battery=28000)
[tick=36001 sim_ms=36001 wall=01-07-26 17:15:54.008] Device K rotated IN to network_test_only (battery=28000)
[tick=36001 sim_ms=36001 wall=01-07-26 17:15:54.008] Device L rotated IN to network_test_only (battery=28000)
[tick=37000 sim_ms=37000 wall=01-07-26 17:15:55.007] Battery interval applied; recovery evaluated for REST
[tick=37001 sim_ms=37001 wall=01-07-26 17:15:55.008] Device A rotated OUT of radar_ir_gps to REST (battery=25000)
[tick=37001 sim_ms=37001 wall=01-07-26 17:15:55.008] Device B rotated OUT of radar_ir_gps to REST (battery=25000)
[tick=37001 sim_ms=37001 wall=01-07-26 17:15:55.008] Device C rotated OUT of radar_ir_gps to REST (battery=25000)
[tick=37001 sim_ms=37001 wall=01-07-26 17:15:55.008] Device D rotated OUT of radar_ir_gps to REST (battery=25000)
[tick=37001 sim_ms=37001 wall=01-07-26 17:15:55.008] Device I rotated IN to radar_ir_gps (battery=27000)
[tick=37001 sim_ms=37001 wall=01-07-26 17:15:55.008] Device J rotated IN to radar_ir_gps (battery=27000)
[tick=37001 sim_ms=37001 wall=01-07-26 17:15:55.008] Device K rotated IN to radar_ir_gps (battery=27000)
[tick=37001 sim_ms=37001 wall=01-07-26 17:15:55.008] Device L rotated IN to radar_ir_gps (battery=27000)
[tick=37001 sim_ms=37001 wall=01-07-26 17:15:55.008] Device I rotated OUT of network_test_only to REST (battery=27000)
[tick=37001 sim_ms=37001 wall=01-07-26 17:15:55.008] Device J rotated OUT of network_test_only to REST (battery=27000)
[tick=37001 sim_ms=37001 wall=01-07-26 17:15:55.008] Device K rotated OUT of network_test_only to REST (battery=27000)
[tick=37001 sim_ms=37001 wall=01-07-26 17:15:55.008] Device L rotated OUT of network_test_only to REST (battery=27000)
[tick=37001 sim_ms=37001 wall=01-07-26 17:15:55.008] Device A rotated IN to network_test_only (battery=25000)
[tick=37001 sim_ms=37001 wall=01-07-26 17:15:55.008] Device B rotated IN to network_test_only (battery=25000)
[tick=37001 sim_ms=37001 wall=01-07-26 17:15:55.008] Device C rotated IN to network_test_only (battery=25000)
[tick=37001 sim_ms=37001 wall=01-07-26 17:15:55.008] Device D rotated IN to network_test_only (battery=25000)
[tick=38000 sim_ms=38000 wall=01-07-26 17:15:56.007] Battery interval applied; recovery evaluated for REST
[tick=38001 sim_ms=38001 wall=01-07-26 17:15:56.008] Device I rotated OUT of radar_ir_gps to REST (battery=24000)
[tick=38001 sim_ms=38001 wall=01-07-26 17:15:56.008] Device J rotated OUT of radar_ir_gps to REST (battery=24000)
[tick=38001 sim_ms=38001 wall=01-07-26 17:15:56.008] Device K rotated OUT of radar_ir_gps to REST (battery=24000)
[tick=38001 sim_ms=38001 wall=01-07-26 17:15:56.008] Device L rotated OUT of radar_ir_gps to REST (battery=24000)
[tick=38001 sim_ms=38001 wall=01-07-26 17:15:56.008] Device A rotated IN to radar_ir_gps (battery=24000)
[tick=38001 sim_ms=38001 wall=01-07-26 17:15:56.008] Device B rotated IN to radar_ir_gps (battery=24000)
[tick=38001 sim_ms=38001 wall=01-07-26 17:15:56.008] Device C rotated IN to radar_ir_gps (battery=24000)
[tick=38001 sim_ms=38001 wall=01-07-26 17:15:56.008] Device D rotated IN to radar_ir_gps (battery=24000)
[tick=38001 sim_ms=38001 wall=01-07-26 17:15:56.008] Device A rotated OUT of network_test_only to REST (battery=24000)
[tick=38001 sim_ms=38001 wall=01-07-26 17:15:56.008] Device B rotated OUT of network_test_only to REST (battery=24000)
[tick=38001 sim_ms=38001 wall=01-07-26 17:15:56.008] Device C rotated OUT of network_test_only to REST (battery=24000)
[tick=38001 sim_ms=38001 wall=01-07-26 17:15:56.008] Device D rotated OUT of network_test_only to REST (battery=24000)
[tick=38001 sim_ms=38001 wall=01-07-26 17:15:56.008] Device I rotated IN to network_test_only (battery=24000)
[tick=38001 sim_ms=38001 wall=01-07-26 17:15:56.008] Device J rotated IN to network_test_only (battery=24000)
[tick=38001 sim_ms=38001 wall=01-07-26 17:15:56.008] Device K rotated IN to network_test_only (battery=24000)
[tick=38001 sim_ms=38001 wall=01-07-26 17:15:56.008] Device L rotated IN to network_test_only (battery=24000)
[tick=39000 sim_ms=39000 wall=01-07-26 17:15:57.007] Battery interval applied; recovery evaluated for REST
[tick=39001 sim_ms=39001 wall=01-07-26 17:15:57.008] Device A rotated OUT of radar_ir_gps to REST (battery=21000)
[tick=39001 sim_ms=39001 wall=01-07-26 17:15:57.008] Device B rotated OUT of radar_ir_gps to REST (battery=21000)
[tick=39001 sim_ms=39001 wall=01-07-26 17:15:57.008] Device C rotated OUT of radar_ir_gps to REST (battery=21000)
[tick=39001 sim_ms=39001 wall=01-07-26 17:15:57.008] Device D rotated OUT of radar_ir_gps to REST (battery=21000)
[tick=39001 sim_ms=39001 wall=01-07-26 17:15:57.008] Device I rotated IN to radar_ir_gps (battery=23000)
[tick=39001 sim_ms=39001 wall=01-07-26 17:15:57.008] Device J rotated IN to radar_ir_gps (battery=23000)
[tick=39001 sim_ms=39001 wall=01-07-26 17:15:57.008] Device K rotated IN to radar_ir_gps (battery=23000)
[tick=39001 sim_ms=39001 wall=01-07-26 17:15:57.008] Device L rotated IN to radar_ir_gps (battery=23000)
[tick=39001 sim_ms=39001 wall=01-07-26 17:15:57.008] Device I rotated OUT of network_test_only to REST (battery=23000)
[tick=39001 sim_ms=39001 wall=01-07-26 17:15:57.008] Device J rotated OUT of network_test_only to REST (battery=23000)
[tick=39001 sim_ms=39001 wall=01-07-26 17:15:57.008] Device K rotated OUT of network_test_only to REST (battery=23000)
[tick=39001 sim_ms=39001 wall=01-07-26 17:15:57.008] Device L rotated OUT of network_test_only to REST (battery=23000)
[tick=39001 sim_ms=39001 wall=01-07-26 17:15:57.008] Device A rotated IN to network_test_only (battery=21000)
[tick=39001 sim_ms=39001 wall=01-07-26 17:15:57.008] Device B rotated IN to network_test_only (battery=21000)
[tick=39001 sim_ms=39001 wall=01-07-26 17:15:57.008] Device C rotated IN to network_test_only (battery=21000)
[tick=39001 sim_ms=39001 wall=01-07-26 17:15:57.008] Device D rotated IN to network_test_only (battery=21000)
[tick=40000 sim_ms=40000 wall=01-07-26 17:15:58.007] Battery interval applied; recovery evaluated for REST
[tick=40001 sim_ms=40001 wall=01-07-26 17:15:58.008] Device I rotated OUT of radar_ir_gps to REST (battery=20000)
[tick=40001 sim_ms=40001 wall=01-07-26 17:15:58.008] Device J rotated OUT of radar_ir_gps to REST (battery=20000)
[tick=40001 sim_ms=40001 wall=01-07-26 17:15:58.008] Device K rotated OUT of radar_ir_gps to REST (battery=20000)
[tick=40001 sim_ms=40001 wall=01-07-26 17:15:58.008] Device L rotated OUT of radar_ir_gps to REST (battery=20000)
[tick=40001 sim_ms=40001 wall=01-07-26 17:15:58.008] Device A rotated IN to radar_ir_gps (battery=20000)
[tick=40001 sim_ms=40001 wall=01-07-26 17:15:58.008] Device B rotated IN to radar_ir_gps (battery=20000)
[tick=40001 sim_ms=40001 wall=01-07-26 17:15:58.008] Device C rotated IN to radar_ir_gps (battery=20000)
[tick=40001 sim_ms=40001 wall=01-07-26 17:15:58.008] Device D rotated IN to radar_ir_gps (battery=20000)
[tick=40001 sim_ms=40001 wall=01-07-26 17:15:58.008] Device A rotated OUT of network_test_only to REST (battery=20000)
[tick=40001 sim_ms=40001 wall=01-07-26 17:15:58.008] Device B rotated OUT of network_test_only to REST (battery=20000)
[tick=40001 sim_ms=40001 wall=01-07-26 17:15:58.008] Device C rotated OUT of network_test_only to REST (battery=20000)
[tick=40001 sim_ms=40001 wall=01-07-26 17:15:58.008] Device D rotated OUT of network_test_only to REST (battery=20000)
[tick=40001 sim_ms=40001 wall=01-07-26 17:15:58.008] Device I rotated IN to network_test_only (battery=20000)
[tick=40001 sim_ms=40001 wall=01-07-26 17:15:58.008] Device J rotated IN to network_test_only (battery=20000)
[tick=40001 sim_ms=40001 wall=01-07-26 17:15:58.008] Device K rotated IN to network_test_only (battery=20000)
[tick=40001 sim_ms=40001 wall=01-07-26 17:15:58.008] Device L rotated IN to network_test_only (battery=20000)
[tick=41000 sim_ms=41000 wall=01-07-26 17:15:59.007] Battery interval applied; recovery evaluated for REST
[tick=41001 sim_ms=41001 wall=01-07-26 17:15:59.008] Device A rotated OUT of radar_ir_gps to REST (battery=17000)
[tick=41001 sim_ms=41001 wall=01-07-26 17:15:59.008] Device B rotated OUT of radar_ir_gps to REST (battery=17000)
[tick=41001 sim_ms=41001 wall=01-07-26 17:15:59.008] Device C rotated OUT of radar_ir_gps to REST (battery=17000)
[tick=41001 sim_ms=41001 wall=01-07-26 17:15:59.008] Device D rotated OUT of radar_ir_gps to REST (battery=17000)
[tick=41001 sim_ms=41001 wall=01-07-26 17:15:59.008] Device I rotated IN to radar_ir_gps (battery=19000)
[tick=41001 sim_ms=41001 wall=01-07-26 17:15:59.008] Device J rotated IN to radar_ir_gps (battery=19000)
[tick=41001 sim_ms=41001 wall=01-07-26 17:15:59.008] Device K rotated IN to radar_ir_gps (battery=19000)
[tick=41001 sim_ms=41001 wall=01-07-26 17:15:59.008] Device L rotated IN to radar_ir_gps (battery=19000)
[tick=41001 sim_ms=41001 wall=01-07-26 17:15:59.008] Device I rotated OUT of network_test_only to REST (battery=19000)
[tick=41001 sim_ms=41001 wall=01-07-26 17:15:59.008] Device J rotated OUT of network_test_only to REST (battery=19000)
[tick=41001 sim_ms=41001 wall=01-07-26 17:15:59.008] Device K rotated OUT of network_test_only to REST (battery=19000)
[tick=41001 sim_ms=41001 wall=01-07-26 17:15:59.008] Device L rotated OUT of network_test_only to REST (battery=19000)
[tick=41001 sim_ms=41001 wall=01-07-26 17:15:59.008] Device A rotated IN to network_test_only (battery=17000)
[tick=41001 sim_ms=41001 wall=01-07-26 17:15:59.008] Device B rotated IN to network_test_only (battery=17000)
[tick=41001 sim_ms=41001 wall=01-07-26 17:15:59.008] Device C rotated IN to network_test_only (battery=17000)
[tick=41001 sim_ms=41001 wall=01-07-26 17:15:59.008] Device D rotated IN to network_test_only (battery=17000)
[tick=42000 sim_ms=42000 wall=01-07-26 17:16:00.007] Battery interval applied; recovery evaluated for REST
[tick=42001 sim_ms=42001 wall=01-07-26 17:16:00.008] Device I rotated OUT of radar_ir_gps to REST (battery=16000)
[tick=42001 sim_ms=42001 wall=01-07-26 17:16:00.008] Device J rotated OUT of radar_ir_gps to REST (battery=16000)
[tick=42001 sim_ms=42001 wall=01-07-26 17:16:00.008] Device K rotated OUT of radar_ir_gps to REST (battery=16000)
[tick=42001 sim_ms=42001 wall=01-07-26 17:16:00.008] Device L rotated OUT of radar_ir_gps to REST (battery=16000)
[tick=42001 sim_ms=42001 wall=01-07-26 17:16:00.008] Device A rotated IN to radar_ir_gps (battery=16000)
[tick=42001 sim_ms=42001 wall=01-07-26 17:16:00.008] Device B rotated IN to radar_ir_gps (battery=16000)
[tick=42001 sim_ms=42001 wall=01-07-26 17:16:00.008] Device C rotated IN to radar_ir_gps (battery=16000)
[tick=42001 sim_ms=42001 wall=01-07-26 17:16:00.008] Device D rotated IN to radar_ir_gps (battery=16000)
[tick=42001 sim_ms=42001 wall=01-07-26 17:16:00.008] Device A rotated OUT of network_test_only to REST (battery=16000)
[tick=42001 sim_ms=42001 wall=01-07-26 17:16:00.008] Device B rotated OUT of network_test_only to REST (battery=16000)
[tick=42001 sim_ms=42001 wall=01-07-26 17:16:00.008] Device C rotated OUT of network_test_only to REST (battery=16000)
[tick=42001 sim_ms=42001 wall=01-07-26 17:16:00.008] Device D rotated OUT of network_test_only to REST (battery=16000)
[tick=42001 sim_ms=42001 wall=01-07-26 17:16:00.008] Device I rotated IN to network_test_only (battery=16000)
[tick=42001 sim_ms=42001 wall=01-07-26 17:16:00.008] Device J rotated IN to network_test_only (battery=16000)
[tick=42001 sim_ms=42001 wall=01-07-26 17:16:00.008] Device K rotated IN to network_test_only (battery=16000)
[tick=42001 sim_ms=42001 wall=01-07-26 17:16:00.008] Device L rotated IN to network_test_only (battery=16000)
[tick=43000 sim_ms=43000 wall=01-07-26 17:16:01.007] Battery interval applied; recovery evaluated for REST
[tick=43001 sim_ms=43001 wall=01-07-26 17:16:01.008] Device A rotated OUT of radar_ir_gps to REST (battery=13000)
[tick=43001 sim_ms=43001 wall=01-07-26 17:16:01.008] Device B rotated OUT of radar_ir_gps to REST (battery=13000)
[tick=43001 sim_ms=43001 wall=01-07-26 17:16:01.008] Device C rotated OUT of radar_ir_gps to REST (battery=13000)
[tick=43001 sim_ms=43001 wall=01-07-26 17:16:01.008] Device D rotated OUT of radar_ir_gps to REST (battery=13000)
[tick=43001 sim_ms=43001 wall=01-07-26 17:16:01.008] Device I rotated IN to radar_ir_gps (battery=15000)
[tick=43001 sim_ms=43001 wall=01-07-26 17:16:01.008] Device J rotated IN to radar_ir_gps (battery=15000)
[tick=43001 sim_ms=43001 wall=01-07-26 17:16:01.008] Device K rotated IN to radar_ir_gps (battery=15000)
[tick=43001 sim_ms=43001 wall=01-07-26 17:16:01.008] Device L rotated IN to radar_ir_gps (battery=15000)
[tick=43001 sim_ms=43001 wall=01-07-26 17:16:01.008] Device I rotated OUT of network_test_only to REST (battery=15000)
[tick=43001 sim_ms=43001 wall=01-07-26 17:16:01.008] Device J rotated OUT of network_test_only to REST (battery=15000)
[tick=43001 sim_ms=43001 wall=01-07-26 17:16:01.008] Device K rotated OUT of network_test_only to REST (battery=15000)
[tick=43001 sim_ms=43001 wall=01-07-26 17:16:01.008] Device L rotated OUT of network_test_only to REST (battery=15000)
[tick=43001 sim_ms=43001 wall=01-07-26 17:16:01.008] Device A rotated IN to network_test_only (battery=13000)
[tick=43001 sim_ms=43001 wall=01-07-26 17:16:01.008] Device B rotated IN to network_test_only (battery=13000)
[tick=43001 sim_ms=43001 wall=01-07-26 17:16:01.008] Device C rotated IN to network_test_only (battery=13000)
[tick=43001 sim_ms=43001 wall=01-07-26 17:16:01.008] Device D rotated IN to network_test_only (battery=13000)
[tick=44000 sim_ms=44000 wall=01-07-26 17:16:02.007] Battery interval applied; recovery evaluated for REST
[tick=44001 sim_ms=44001 wall=01-07-26 17:16:02.008] Device I rotated OUT of radar_ir_gps to REST (battery=12000)
[tick=44001 sim_ms=44001 wall=01-07-26 17:16:02.008] Device J rotated OUT of radar_ir_gps to REST (battery=12000)
[tick=44001 sim_ms=44001 wall=01-07-26 17:16:02.008] Device K rotated OUT of radar_ir_gps to REST (battery=12000)
[tick=44001 sim_ms=44001 wall=01-07-26 17:16:02.008] Device L rotated OUT of radar_ir_gps to REST (battery=12000)
[tick=44001 sim_ms=44001 wall=01-07-26 17:16:02.008] Device A rotated IN to radar_ir_gps (battery=12000)
[tick=44001 sim_ms=44001 wall=01-07-26 17:16:02.008] Device B rotated IN to radar_ir_gps (battery=12000)
[tick=44001 sim_ms=44001 wall=01-07-26 17:16:02.008] Device C rotated IN to radar_ir_gps (battery=12000)
[tick=44001 sim_ms=44001 wall=01-07-26 17:16:02.008] Device D rotated IN to radar_ir_gps (battery=12000)
[tick=44001 sim_ms=44001 wall=01-07-26 17:16:02.008] Device A rotated OUT of network_test_only to REST (battery=12000)
[tick=44001 sim_ms=44001 wall=01-07-26 17:16:02.008] Device B rotated OUT of network_test_only to REST (battery=12000)
[tick=44001 sim_ms=44001 wall=01-07-26 17:16:02.008] Device C rotated OUT of network_test_only to REST (battery=12000)
[tick=44001 sim_ms=44001 wall=01-07-26 17:16:02.008] Device D rotated OUT of network_test_only to REST (battery=12000)
[tick=44001 sim_ms=44001 wall=01-07-26 17:16:02.008] Device I rotated IN to network_test_only (battery=12000)
[tick=44001 sim_ms=44001 wall=01-07-26 17:16:02.008] Device J rotated IN to network_test_only (battery=12000)
[tick=44001 sim_ms=44001 wall=01-07-26 17:16:02.008] Device K rotated IN to network_test_only (battery=12000)
[tick=44001 sim_ms=44001 wall=01-07-26 17:16:02.008] Device L rotated IN to network_test_only (battery=12000)
[tick=45000 sim_ms=45000 wall=01-07-26 17:16:03.007] Battery interval applied; recovery evaluated for REST
[tick=45001 sim_ms=45001 wall=01-07-26 17:16:03.008] Device A rotated OUT of radar_ir_gps to REST (battery=9000)
[tick=45001 sim_ms=45001 wall=01-07-26 17:16:03.008] Device B rotated OUT of radar_ir_gps to REST (battery=9000)
[tick=45001 sim_ms=45001 wall=01-07-26 17:16:03.008] Device C rotated OUT of radar_ir_gps to REST (battery=9000)
[tick=45001 sim_ms=45001 wall=01-07-26 17:16:03.008] Device D rotated OUT of radar_ir_gps to REST (battery=9000)
[tick=45001 sim_ms=45001 wall=01-07-26 17:16:03.008] Device I rotated IN to radar_ir_gps (battery=11000)
[tick=45001 sim_ms=45001 wall=01-07-26 17:16:03.008] Device J rotated IN to radar_ir_gps (battery=11000)
[tick=45001 sim_ms=45001 wall=01-07-26 17:16:03.008] Device K rotated IN to radar_ir_gps (battery=11000)
[tick=45001 sim_ms=45001 wall=01-07-26 17:16:03.008] Device L rotated IN to radar_ir_gps (battery=11000)
[tick=45001 sim_ms=45001 wall=01-07-26 17:16:03.008] Device I rotated OUT of network_test_only to REST (battery=11000)
[tick=45001 sim_ms=45001 wall=01-07-26 17:16:03.008] Device J rotated OUT of network_test_only to REST (battery=11000)
[tick=45001 sim_ms=45001 wall=01-07-26 17:16:03.008] Device K rotated OUT of network_test_only to REST (battery=11000)
[tick=45001 sim_ms=45001 wall=01-07-26 17:16:03.008] Device L rotated OUT of network_test_only to REST (battery=11000)
[tick=45001 sim_ms=45001 wall=01-07-26 17:16:03.008] Device A rotated IN to network_test_only (battery=9000)
[tick=45001 sim_ms=45001 wall=01-07-26 17:16:03.008] Device B rotated IN to network_test_only (battery=9000)
[tick=45001 sim_ms=45001 wall=01-07-26 17:16:03.008] Device C rotated IN to network_test_only (battery=9000)
[tick=45001 sim_ms=45001 wall=01-07-26 17:16:03.008] Device D rotated IN to network_test_only (battery=9000)
[tick=46000 sim_ms=46000 wall=01-07-26 17:16:04.007] Battery interval applied; recovery evaluated for REST
[tick=46001 sim_ms=46001 wall=01-07-26 17:16:04.008] Device I rotated OUT of radar_ir_gps to REST (battery=8000)
[tick=46001 sim_ms=46001 wall=01-07-26 17:16:04.008] Device J rotated OUT of radar_ir_gps to REST (battery=8000)
[tick=46001 sim_ms=46001 wall=01-07-26 17:16:04.008] Device K rotated OUT of radar_ir_gps to REST (battery=8000)
[tick=46001 sim_ms=46001 wall=01-07-26 17:16:04.008] Device L rotated OUT of radar_ir_gps to REST (battery=8000)
[tick=46001 sim_ms=46001 wall=01-07-26 17:16:04.008] Device A rotated IN to radar_ir_gps (battery=8000)
[tick=46001 sim_ms=46001 wall=01-07-26 17:16:04.008] Device B rotated IN to radar_ir_gps (battery=8000)
[tick=46001 sim_ms=46001 wall=01-07-26 17:16:04.008] Device C rotated IN to radar_ir_gps (battery=8000)
[tick=46001 sim_ms=46001 wall=01-07-26 17:16:04.008] Device D rotated IN to radar_ir_gps (battery=8000)
[tick=46001 sim_ms=46001 wall=01-07-26 17:16:04.008] Device A rotated OUT of network_test_only to REST (battery=8000)
[tick=46001 sim_ms=46001 wall=01-07-26 17:16:04.008] Device B rotated OUT of network_test_only to REST (battery=8000)
[tick=46001 sim_ms=46001 wall=01-07-26 17:16:04.008] Device C rotated OUT of network_test_only to REST (battery=8000)
[tick=46001 sim_ms=46001 wall=01-07-26 17:16:04.008] Device D rotated OUT of network_test_only to REST (battery=8000)
[tick=46001 sim_ms=46001 wall=01-07-26 17:16:04.008] Device I rotated IN to network_test_only (battery=8000)
[tick=46001 sim_ms=46001 wall=01-07-26 17:16:04.008] Device J rotated IN to network_test_only (battery=8000)
[tick=46001 sim_ms=46001 wall=01-07-26 17:16:04.008] Device K rotated IN to network_test_only (battery=8000)
[tick=46001 sim_ms=46001 wall=01-07-26 17:16:04.008] Device L rotated IN to network_test_only (battery=8000)
[tick=47000 sim_ms=47000 wall=01-07-26 17:16:05.007] Battery interval applied; recovery evaluated for REST
[tick=47001 sim_ms=47001 wall=01-07-26 17:16:05.008] Device A rotated OUT of radar_ir_gps to REST (battery=5000)
[tick=47001 sim_ms=47001 wall=01-07-26 17:16:05.008] Device B rotated OUT of radar_ir_gps to REST (battery=5000)
[tick=47001 sim_ms=47001 wall=01-07-26 17:16:05.008] Device C rotated OUT of radar_ir_gps to REST (battery=5000)
[tick=47001 sim_ms=47001 wall=01-07-26 17:16:05.008] Device D rotated OUT of radar_ir_gps to REST (battery=5000)
[tick=47001 sim_ms=47001 wall=01-07-26 17:16:05.008] Device I rotated IN to radar_ir_gps (battery=7000)
[tick=47001 sim_ms=47001 wall=01-07-26 17:16:05.008] Device J rotated IN to radar_ir_gps (battery=7000)
[tick=47001 sim_ms=47001 wall=01-07-26 17:16:05.008] Device K rotated IN to radar_ir_gps (battery=7000)
[tick=47001 sim_ms=47001 wall=01-07-26 17:16:05.008] Device L rotated IN to radar_ir_gps (battery=7000)
[tick=47001 sim_ms=47001 wall=01-07-26 17:16:05.008] Device I rotated OUT of network_test_only to REST (battery=7000)
[tick=47001 sim_ms=47001 wall=01-07-26 17:16:05.008] Device J rotated OUT of network_test_only to REST (battery=7000)
[tick=47001 sim_ms=47001 wall=01-07-26 17:16:05.008] Device K rotated OUT of network_test_only to REST (battery=7000)
[tick=47001 sim_ms=47001 wall=01-07-26 17:16:05.008] Device L rotated OUT of network_test_only to REST (battery=7000)
[tick=47001 sim_ms=47001 wall=01-07-26 17:16:05.008] Device A rotated IN to network_test_only (battery=5000)
[tick=47001 sim_ms=47001 wall=01-07-26 17:16:05.008] Device B rotated IN to network_test_only (battery=5000)
