# gui_event_stream.log (change-only)
# format: [tick=... sim_ms=... wall=MM-DD-YY HH:MM:SS.mmm] message
# wall time is SIMULATED: epoch(01-01-26 00:00:00.000) + sim_ms

[tick=1 sim_ms=1 wall=01-01-26 00:00:00.001] Device A entered comm_eoir
[tick=1 sim_ms=1 wall=01-01-26 00:00:00.001] Device B entered network_test_only
[tick=1 sim_ms=1 wall=01-01-26 00:00:00.001] Device C entered radar_ir_gps
[tick=1 sim_ms=1 wall=01-01-26 00:00:00.001] Device A exited REST state
[tick=1 sim_ms=1 wall=01-01-26 00:00:00.001] Device B exited REST state
[tick=1 sim_ms=1 wall=01-01-26 00:00:00.001] Device C exited REST state
[tick=1 sim_ms=1 wall=01-01-26 00:00:00.001] Atomic handoff completed for comm_eoir: removed=[] added=['A']
[tick=1 sim_ms=1 wall=01-01-26 00:00:00.001] Atomic handoff completed for network_test_only: removed=[] added=['B']
[tick=1 sim_ms=1 wall=01-01-26 00:00:00.001] Atomic handoff completed for radar_ir_gps: removed=[] added=['C']
[tick=1430 sim_ms=1430 wall=01-01-26 00:00:01.430] Device A entered FAULTED state
[tick=1431 sim_ms=1431 wall=01-01-26 00:00:01.431] Device A exited comm_eoir
[tick=1431 sim_ms=1431 wall=01-01-26 00:00:01.431] Device D entered comm_eoir
[tick=1431 sim_ms=1431 wall=01-01-26 00:00:01.431] Device D exited REST state
[tick=1431 sim_ms=1431 wall=01-01-26 00:00:01.431] Atomic handoff completed for comm_eoir: removed=['A'] added=['D']
[tick=1945 sim_ms=1945 wall=01-01-26 00:00:01.945] Device D entered FAULTED state
[tick=1946 sim_ms=1946 wall=01-01-26 00:00:01.946] Device D exited comm_eoir
[tick=1946 sim_ms=1946 wall=01-01-26 00:00:01.946] Device E entered comm_eoir
[tick=1946 sim_ms=1946 wall=01-01-26 00:00:01.946] Device E exited REST state
[tick=1946 sim_ms=1946 wall=01-01-26 00:00:01.946] Atomic handoff completed for comm_eoir: removed=['D'] added=['E']
[tick=2725 sim_ms=2725 wall=01-01-26 00:00:02.725] Device E entered FAULTED state
[tick=2726 sim_ms=2726 wall=01-01-26 00:00:02.726] Device B entered comm_eoir
[tick=2726 sim_ms=2726 wall=01-01-26 00:00:02.726] Device E exited comm_eoir
[tick=2726 sim_ms=2726 wall=01-01-26 00:00:02.726] Atomic handoff completed for comm_eoir: removed=['E'] added=['B']
[tick=3431 sim_ms=3431 wall=01-01-26 00:00:03.431] Device A recovered and entered comm_eoir
[tick=3431 sim_ms=3431 wall=01-01-26 00:00:03.431] Device A entered comm_eoir
[tick=3431 sim_ms=3431 wall=01-01-26 00:00:03.431] Device B exited comm_eoir
[tick=3431 sim_ms=3431 wall=01-01-26 00:00:03.431] Atomic handoff completed for comm_eoir: removed=['B'] added=['A']
[tick=3946 sim_ms=3946 wall=01-01-26 00:00:03.946] Device D recovered and entered REST state
[tick=3946 sim_ms=3946 wall=01-01-26 00:00:03.946] Device D entered REST state
[tick=4726 sim_ms=4726 wall=01-01-26 00:00:04.726] Device E recovered and entered REST state
[tick=4726 sim_ms=4726 wall=01-01-26 00:00:04.726] Device E entered REST state
[tick=6250 sim_ms=6250 wall=01-01-26 00:00:06.250] Device B entered FAULTED state
[tick=6251 sim_ms=6251 wall=01-01-26 00:00:06.251] Device B exited network_test_only
[tick=6251 sim_ms=6251 wall=01-01-26 00:00:06.251] Device D entered network_test_only
[tick=6251 sim_ms=6251 wall=01-01-26 00:00:06.251] Device D exited REST state
[tick=6251 sim_ms=6251 wall=01-01-26 00:00:06.251] Atomic handoff completed for network_test_only: removed=['B'] added=['D']
[tick=8251 sim_ms=8251 wall=01-01-26 00:00:08.251] Device B recovered and entered network_test_only
[tick=8251 sim_ms=8251 wall=01-01-26 00:00:08.251] Device B entered network_test_only
[tick=8251 sim_ms=8251 wall=01-01-26 00:00:08.251] Device D exited network_test_only
[tick=8251 sim_ms=8251 wall=01-01-26 00:00:08.251] Device D entered REST state
[tick=8251 sim_ms=8251 wall=01-01-26 00:00:08.251] Atomic handoff completed for network_test_only: removed=['D'] added=['B']
[tick=10940 sim_ms=10940 wall=01-01-26 00:00:10.940] Device B entered FAULTED state
[tick=10941 sim_ms=10941 wall=01-01-26 00:00:10.941] Device B exited network_test_only
[tick=10941 sim_ms=10941 wall=01-01-26 00:00:10.941] Device D entered network_test_only
[tick=10941 sim_ms=10941 wall=01-01-26 00:00:10.941] Device D exited REST state
[tick=10941 sim_ms=10941 wall=01-01-26 00:00:10.941] Atomic handoff completed for network_test_only: removed=['B'] added=['D']
[tick=11090 sim_ms=11090 wall=01-01-26 00:00:11.090] Device C entered FAULTED state
[tick=11091 sim_ms=11091 wall=01-01-26 00:00:11.091] Device C exited radar_ir_gps
[tick=11091 sim_ms=11091 wall=01-01-26 00:00:11.091] Device E entered radar_ir_gps
[tick=11091 sim_ms=11091 wall=01-01-26 00:00:11.091] Device E exited REST state
[tick=11091 sim_ms=11091 wall=01-01-26 00:00:11.091] Atomic handoff completed for radar_ir_gps: removed=['C'] added=['E']
[tick=11260 sim_ms=11260 wall=01-01-26 00:00:11.260] Device D entered FAULTED state
[tick=11261 sim_ms=11261 wall=01-01-26 00:00:11.261] Device A entered network_test_only
[tick=11261 sim_ms=11261 wall=01-01-26 00:00:11.261] Device D exited network_test_only
[tick=11261 sim_ms=11261 wall=01-01-26 00:00:11.261] Atomic handoff completed for network_test_only: removed=['D'] added=['A']
[tick=12941 sim_ms=12941 wall=01-01-26 00:00:12.941] Device B recovered and entered network_test_only
[tick=12941 sim_ms=12941 wall=01-01-26 00:00:12.941] Device A exited network_test_only
[tick=12941 sim_ms=12941 wall=01-01-26 00:00:12.941] Device B entered network_test_only
[tick=12941 sim_ms=12941 wall=01-01-26 00:00:12.941] Atomic handoff completed for network_test_only: removed=['A'] added=['B']
[tick=13091 sim_ms=13091 wall=01-01-26 00:00:13.091] Device C recovered and entered radar_ir_gps
[tick=13091 sim_ms=13091 wall=01-01-26 00:00:13.091] Device C entered radar_ir_gps
[tick=13091 sim_ms=13091 wall=01-01-26 00:00:13.091] Device E exited radar_ir_gps
[tick=13091 sim_ms=13091 wall=01-01-26 00:00:13.091] Device E entered REST state
[tick=13091 sim_ms=13091 wall=01-01-26 00:00:13.091] Atomic handoff completed for radar_ir_gps: removed=['E'] added=['C']
[tick=13261 sim_ms=13261 wall=01-01-26 00:00:13.261] Device D recovered and entered REST state
[tick=13261 sim_ms=13261 wall=01-01-26 00:00:13.261] Device D entered REST state
[tick=15480 sim_ms=15480 wall=01-01-26 00:00:15.480] Device B entered FAULTED state
[tick=15481 sim_ms=15481 wall=01-01-26 00:00:15.481] Device B exited network_test_only
[tick=15481 sim_ms=15481 wall=01-01-26 00:00:15.481] Device D entered network_test_only
[tick=15481 sim_ms=15481 wall=01-01-26 00:00:15.481] Device D exited REST state
[tick=15481 sim_ms=15481 wall=01-01-26 00:00:15.481] Atomic handoff completed for network_test_only: removed=['B'] added=['D']
[tick=17481 sim_ms=17481 wall=01-01-26 00:00:17.481] Device B recovered and entered network_test_only
[tick=17481 sim_ms=17481 wall=01-01-26 00:00:17.481] Device B entered network_test_only
[tick=17481 sim_ms=17481 wall=01-01-26 00:00:17.481] Device D exited network_test_only
[tick=17481 sim_ms=17481 wall=01-01-26 00:00:17.481] Device D entered REST state
[tick=17481 sim_ms=17481 wall=01-01-26 00:00:17.481] Atomic handoff completed for network_test_only: removed=['D'] added=['B']
